2020-01-25 22:09:52 INFO  Application:32 - Started Enigma.
2020-01-25 22:10:20 INFO  Application:32 - Started Enigma.
2020-01-25 22:10:21 INFO  Nitrite:309 - Nitrite database has been closed successfully.
2020-01-25 22:10:21 INFO  Nitrite:309 - Nitrite database has been closed successfully.
2020-01-25 22:13:12 INFO  Application:32 - Started Enigma.
2020-01-25 22:13:12 INFO  Nitrite:309 - Nitrite database has been closed successfully.
2020-01-25 22:13:12 INFO  Nitrite:309 - Nitrite database has been closed successfully.
2020-01-25 22:18:23 INFO  Application:32 - Started Enigma.
2020-01-25 22:18:24 INFO  Nitrite:309 - Nitrite database has been closed successfully.
2020-01-25 22:18:24 INFO  VersionController:45 - Current version of code : 2020.1 . Current version of database : 2020.1
2020-01-25 22:20:05 INFO  Nitrite:309 - Nitrite database has been closed successfully.
2020-01-25 22:20:05 INFO  Nitrite:309 - Nitrite database has been closed successfully.
2020-01-25 22:20:05 INFO  Nitrite:309 - Nitrite database has been closed successfully.
2020-01-25 22:20:05 INFO  Nitrite:309 - Nitrite database has been closed successfully.
2020-01-25 22:20:05 INFO  Nitrite:309 - Nitrite database has been closed successfully.
2020-01-25 22:20:05 INFO  Nitrite:309 - Nitrite database has been closed successfully.
2020-01-25 22:20:05 INFO  Nitrite:309 - Nitrite database has been closed successfully.
2020-01-25 22:20:05 INFO  Nitrite:309 - Nitrite database has been closed successfully.
2020-01-25 22:20:05 INFO  Nitrite:309 - Nitrite database has been closed successfully.
2020-01-25 22:20:05 INFO  Nitrite:309 - Nitrite database has been closed successfully.
2020-01-25 22:20:05 INFO  Nitrite:309 - Nitrite database has been closed successfully.
2020-01-25 22:20:05 INFO  Nitrite:309 - Nitrite database has been closed successfully.
2020-01-25 22:20:05 INFO  Nitrite:309 - Nitrite database has been closed successfully.
2020-01-25 22:20:05 INFO  Nitrite:309 - Nitrite database has been closed successfully.
2020-01-25 22:20:05 INFO  Nitrite:309 - Nitrite database has been closed successfully.
2020-01-25 22:20:05 INFO  Nitrite:309 - Nitrite database has been closed successfully.
2020-01-25 22:20:05 INFO  Nitrite:309 - Nitrite database has been closed successfully.
2020-01-25 22:20:05 INFO  Nitrite:309 - Nitrite database has been closed successfully.
2020-01-25 22:20:05 INFO  Nitrite:309 - Nitrite database has been closed successfully.
2020-01-25 22:20:05 INFO  Nitrite:309 - Nitrite database has been closed successfully.
2020-01-25 22:20:05 INFO  Nitrite:309 - Nitrite database has been closed successfully.
2020-01-25 22:20:06 INFO  Nitrite:309 - Nitrite database has been closed successfully.
2020-01-25 22:20:06 INFO  Nitrite:309 - Nitrite database has been closed successfully.
2020-01-25 22:20:06 INFO  Nitrite:309 - Nitrite database has been closed successfully.
2020-01-25 22:20:06 INFO  Nitrite:309 - Nitrite database has been closed successfully.
2020-01-25 22:20:06 INFO  Nitrite:309 - Nitrite database has been closed successfully.
2020-01-25 22:20:06 INFO  Nitrite:309 - Nitrite database has been closed successfully.
2020-01-25 22:20:06 INFO  Nitrite:309 - Nitrite database has been closed successfully.
2020-01-25 22:20:06 INFO  Nitrite:309 - Nitrite database has been closed successfully.
2020-01-25 22:20:06 INFO  Nitrite:309 - Nitrite database has been closed successfully.
2020-01-25 22:20:06 INFO  Nitrite:309 - Nitrite database has been closed successfully.
2020-01-25 22:20:06 INFO  Nitrite:309 - Nitrite database has been closed successfully.
2020-01-25 22:20:06 INFO  Nitrite:309 - Nitrite database has been closed successfully.
2020-01-25 22:20:06 INFO  Nitrite:309 - Nitrite database has been closed successfully.
2020-01-25 22:20:06 INFO  Nitrite:309 - Nitrite database has been closed successfully.
2020-01-25 22:20:06 INFO  Nitrite:309 - Nitrite database has been closed successfully.
2020-01-25 22:20:06 INFO  Nitrite:309 - Nitrite database has been closed successfully.
2020-01-25 22:20:06 INFO  Nitrite:309 - Nitrite database has been closed successfully.
2020-01-25 22:20:06 ERROR Nitrite:274 - Underlying store is null. Nitrite has not been initialized properly.
2020-01-25 22:20:06 INFO  Nitrite:309 - Nitrite database has been closed successfully.
2020-01-25 22:20:06 INFO  Nitrite:309 - Nitrite database has been closed successfully.
2020-01-25 22:20:06 INFO  Nitrite:309 - Nitrite database has been closed successfully.
2020-01-25 22:20:06 INFO  Nitrite:309 - Nitrite database has been closed successfully.
2020-01-25 22:20:06 ERROR Nitrite:274 - Underlying store is null. Nitrite has not been initialized properly.
2020-01-25 22:20:06 INFO  Nitrite:309 - Nitrite database has been closed successfully.
2020-01-25 22:20:06 INFO  Nitrite:309 - Nitrite database has been closed successfully.
2020-01-25 22:20:06 INFO  Nitrite:309 - Nitrite database has been closed successfully.
2020-01-25 22:20:06 ERROR Nitrite:274 - Underlying store is null. Nitrite has not been initialized properly.
2020-01-25 22:20:06 INFO  Nitrite:309 - Nitrite database has been closed successfully.
2020-01-25 22:20:06 INFO  Nitrite:309 - Nitrite database has been closed successfully.
2020-01-25 22:20:06 INFO  Nitrite:309 - Nitrite database has been closed successfully.
2020-01-25 22:20:06 INFO  Nitrite:309 - Nitrite database has been closed successfully.
2020-01-25 22:20:06 INFO  Nitrite:309 - Nitrite database has been closed successfully.
2020-01-25 22:20:06 ERROR Nitrite:274 - Underlying store is null. Nitrite has not been initialized properly.
2020-01-25 22:20:06 INFO  Nitrite:309 - Nitrite database has been closed successfully.
2020-01-25 22:20:06 ERROR Nitrite:274 - Underlying store is null. Nitrite has not been initialized properly.
2020-01-25 22:20:06 INFO  Nitrite:309 - Nitrite database has been closed successfully.
2020-01-25 22:20:06 INFO  Nitrite:309 - Nitrite database has been closed successfully.
2020-01-25 22:20:06 INFO  Nitrite:309 - Nitrite database has been closed successfully.
2020-01-25 22:20:06 ERROR Nitrite:274 - Underlying store is null. Nitrite has not been initialized properly.
2020-01-25 22:20:06 INFO  Nitrite:309 - Nitrite database has been closed successfully.
2020-01-25 22:20:06 ERROR Nitrite:274 - Underlying store is null. Nitrite has not been initialized properly.
2020-01-25 22:20:06 INFO  Nitrite:309 - Nitrite database has been closed successfully.
2020-01-25 22:20:06 INFO  Nitrite:309 - Nitrite database has been closed successfully.
2020-01-25 22:20:06 INFO  Nitrite:309 - Nitrite database has been closed successfully.
2020-01-25 22:20:06 INFO  Nitrite:309 - Nitrite database has been closed successfully.
2020-01-25 22:20:06 INFO  Nitrite:309 - Nitrite database has been closed successfully.
2020-01-25 22:20:06 ERROR Nitrite:274 - Underlying store is null. Nitrite has not been initialized properly.
2020-01-25 22:20:06 INFO  Nitrite:309 - Nitrite database has been closed successfully.
2020-01-25 22:20:06 ERROR Nitrite:274 - Underlying store is null. Nitrite has not been initialized properly.
2020-01-25 22:20:06 INFO  Nitrite:309 - Nitrite database has been closed successfully.
2020-01-25 22:20:06 INFO  Nitrite:309 - Nitrite database has been closed successfully.
2020-01-25 22:20:06 INFO  Nitrite:309 - Nitrite database has been closed successfully.
2020-01-25 22:20:06 INFO  Nitrite:309 - Nitrite database has been closed successfully.
2020-01-25 22:20:06 INFO  Nitrite:309 - Nitrite database has been closed successfully.
2020-01-25 22:20:06 INFO  Nitrite:309 - Nitrite database has been closed successfully.
2020-01-25 22:20:06 ERROR Nitrite:274 - Underlying store is null. Nitrite has not been initialized properly.
2020-01-25 22:20:06 INFO  Nitrite:309 - Nitrite database has been closed successfully.
2020-01-25 22:20:06 INFO  Nitrite:309 - Nitrite database has been closed successfully.
2020-01-25 22:20:06 INFO  Nitrite:309 - Nitrite database has been closed successfully.
2020-01-25 22:20:06 INFO  Nitrite:309 - Nitrite database has been closed successfully.
2020-01-25 22:20:06 INFO  Nitrite:309 - Nitrite database has been closed successfully.
2020-01-25 22:20:06 INFO  Nitrite:309 - Nitrite database has been closed successfully.
2020-01-25 22:20:06 INFO  Nitrite:309 - Nitrite database has been closed successfully.
2020-01-25 22:20:06 INFO  Nitrite:309 - Nitrite database has been closed successfully.
2020-01-25 22:20:06 INFO  Nitrite:309 - Nitrite database has been closed successfully.
2020-01-25 22:20:06 INFO  Nitrite:309 - Nitrite database has been closed successfully.
2020-01-25 22:20:06 INFO  Nitrite:309 - Nitrite database has been closed successfully.
2020-01-25 22:20:06 INFO  Nitrite:309 - Nitrite database has been closed successfully.
2020-01-25 22:20:06 INFO  Nitrite:309 - Nitrite database has been closed successfully.
2020-01-25 22:20:06 INFO  Nitrite:309 - Nitrite database has been closed successfully.
2020-01-25 22:20:06 INFO  Nitrite:309 - Nitrite database has been closed successfully.
2020-01-25 22:20:06 INFO  Nitrite:309 - Nitrite database has been closed successfully.
2020-01-25 22:20:06 INFO  Nitrite:309 - Nitrite database has been closed successfully.
2020-01-25 22:20:06 INFO  Nitrite:309 - Nitrite database has been closed successfully.
2020-01-25 22:20:06 INFO  Nitrite:309 - Nitrite database has been closed successfully.
2020-01-25 22:20:06 INFO  Nitrite:309 - Nitrite database has been closed successfully.
2020-01-25 22:20:06 INFO  Nitrite:309 - Nitrite database has been closed successfully.
2020-01-25 22:20:06 INFO  Nitrite:309 - Nitrite database has been closed successfully.
2020-01-25 22:20:06 INFO  Nitrite:309 - Nitrite database has been closed successfully.
2020-01-25 22:20:06 INFO  Nitrite:309 - Nitrite database has been closed successfully.
2020-01-25 22:20:06 INFO  Nitrite:309 - Nitrite database has been closed successfully.
2020-01-25 22:20:06 INFO  Nitrite:309 - Nitrite database has been closed successfully.
2020-01-25 22:20:06 INFO  Nitrite:309 - Nitrite database has been closed successfully.
2020-01-25 22:20:06 INFO  Nitrite:309 - Nitrite database has been closed successfully.
2020-01-25 22:20:06 INFO  Nitrite:309 - Nitrite database has been closed successfully.
2020-01-25 22:20:06 INFO  Nitrite:309 - Nitrite database has been closed successfully.
2020-01-25 22:20:06 INFO  Nitrite:309 - Nitrite database has been closed successfully.
2020-01-25 22:20:06 INFO  Nitrite:309 - Nitrite database has been closed successfully.
2020-01-25 22:20:06 INFO  Nitrite:309 - Nitrite database has been closed successfully.
2020-01-25 22:20:06 INFO  Nitrite:309 - Nitrite database has been closed successfully.
2020-01-25 22:20:06 INFO  Nitrite:309 - Nitrite database has been closed successfully.
2020-01-25 22:20:06 INFO  Nitrite:309 - Nitrite database has been closed successfully.
2020-01-25 22:20:06 INFO  Nitrite:309 - Nitrite database has been closed successfully.
2020-01-25 22:20:06 INFO  Nitrite:309 - Nitrite database has been closed successfully.
2020-01-25 22:20:06 INFO  Nitrite:309 - Nitrite database has been closed successfully.
2020-01-25 22:20:07 INFO  Nitrite:309 - Nitrite database has been closed successfully.
2020-01-25 22:20:07 INFO  Nitrite:309 - Nitrite database has been closed successfully.
2020-01-25 22:20:07 INFO  Nitrite:309 - Nitrite database has been closed successfully.
2020-01-25 22:20:07 INFO  Nitrite:309 - Nitrite database has been closed successfully.
2020-01-25 22:20:07 INFO  Nitrite:309 - Nitrite database has been closed successfully.
2020-01-25 22:20:07 INFO  Nitrite:309 - Nitrite database has been closed successfully.
2020-01-25 22:20:07 INFO  Nitrite:309 - Nitrite database has been closed successfully.
2020-01-25 22:20:07 INFO  Nitrite:309 - Nitrite database has been closed successfully.
2020-01-25 22:20:07 INFO  Nitrite:309 - Nitrite database has been closed successfully.
2020-01-25 22:20:07 INFO  Nitrite:309 - Nitrite database has been closed successfully.
2020-01-25 22:20:07 INFO  Nitrite:309 - Nitrite database has been closed successfully.
2020-01-25 22:20:07 INFO  Nitrite:309 - Nitrite database has been closed successfully.
2020-01-25 22:20:07 INFO  Nitrite:309 - Nitrite database has been closed successfully.
2020-01-25 22:20:07 INFO  Nitrite:309 - Nitrite database has been closed successfully.
2020-01-25 22:20:07 INFO  Nitrite:309 - Nitrite database has been closed successfully.
2020-01-25 22:20:07 INFO  Nitrite:309 - Nitrite database has been closed successfully.
2020-01-25 22:20:07 INFO  Nitrite:309 - Nitrite database has been closed successfully.
2020-01-25 22:20:07 INFO  Nitrite:309 - Nitrite database has been closed successfully.
2020-01-25 22:20:07 INFO  Nitrite:309 - Nitrite database has been closed successfully.
2020-01-25 22:20:07 INFO  Nitrite:309 - Nitrite database has been closed successfully.
2020-01-25 22:20:07 INFO  Nitrite:309 - Nitrite database has been closed successfully.
2020-01-25 22:20:07 INFO  Nitrite:309 - Nitrite database has been closed successfully.
2020-01-25 22:20:07 INFO  Nitrite:309 - Nitrite database has been closed successfully.
2020-01-25 22:20:07 INFO  Nitrite:309 - Nitrite database has been closed successfully.
2020-01-25 22:20:07 INFO  Nitrite:309 - Nitrite database has been closed successfully.
2020-01-25 22:20:07 INFO  Nitrite:309 - Nitrite database has been closed successfully.
2020-01-25 22:20:07 INFO  Nitrite:309 - Nitrite database has been closed successfully.
2020-01-25 22:20:07 INFO  Nitrite:309 - Nitrite database has been closed successfully.
2020-01-25 22:20:07 INFO  Nitrite:309 - Nitrite database has been closed successfully.
2020-01-25 22:20:07 INFO  Nitrite:309 - Nitrite database has been closed successfully.
2020-01-25 22:20:07 INFO  Nitrite:309 - Nitrite database has been closed successfully.
2020-01-25 22:20:07 INFO  Nitrite:309 - Nitrite database has been closed successfully.
2020-01-25 22:20:07 INFO  Nitrite:309 - Nitrite database has been closed successfully.
2020-01-25 22:20:07 INFO  Nitrite:309 - Nitrite database has been closed successfully.
2020-01-25 22:20:07 INFO  Nitrite:309 - Nitrite database has been closed successfully.
2020-01-25 22:20:07 INFO  Nitrite:309 - Nitrite database has been closed successfully.
2020-01-25 22:20:07 INFO  Nitrite:309 - Nitrite database has been closed successfully.
2020-01-25 22:20:07 INFO  Nitrite:309 - Nitrite database has been closed successfully.
2020-01-25 22:20:07 INFO  Nitrite:309 - Nitrite database has been closed successfully.
2020-01-25 22:20:07 INFO  Nitrite:309 - Nitrite database has been closed successfully.
2020-01-25 22:20:07 INFO  Nitrite:309 - Nitrite database has been closed successfully.
2020-01-25 22:20:07 INFO  Nitrite:309 - Nitrite database has been closed successfully.
2020-01-25 22:20:07 INFO  Nitrite:309 - Nitrite database has been closed successfully.
2020-01-25 22:20:07 INFO  Nitrite:309 - Nitrite database has been closed successfully.
2020-01-25 22:20:07 INFO  Nitrite:309 - Nitrite database has been closed successfully.
2020-01-25 22:20:07 INFO  Nitrite:309 - Nitrite database has been closed successfully.
2020-01-25 22:20:07 INFO  Nitrite:309 - Nitrite database has been closed successfully.
2020-01-25 22:20:07 INFO  Nitrite:309 - Nitrite database has been closed successfully.
2020-01-25 22:20:07 INFO  Nitrite:309 - Nitrite database has been closed successfully.
2020-01-25 22:20:07 INFO  Nitrite:309 - Nitrite database has been closed successfully.
2020-01-25 22:20:07 INFO  Nitrite:309 - Nitrite database has been closed successfully.
2020-01-25 22:20:07 INFO  Nitrite:309 - Nitrite database has been closed successfully.
2020-01-25 22:20:07 INFO  Nitrite:309 - Nitrite database has been closed successfully.
2020-01-25 22:20:07 INFO  Nitrite:309 - Nitrite database has been closed successfully.
2020-01-28 18:07:08 INFO  Application:32 - Started Enigma.
2020-01-28 19:18:06 INFO  Application:32 - Started Enigma.
2020-01-28 19:18:07 INFO  Nitrite:309 - Nitrite database has been closed successfully.
2020-01-28 19:18:07 INFO  VersionController:44 - Current version of code : 2020.1 . Current version of database : 2020.1
2020-01-28 19:18:17 INFO  Nitrite:309 - Nitrite database has been closed successfully.
2020-01-28 20:48:29 INFO  Application:32 - Started Enigma.
2020-01-28 20:48:29 INFO  Nitrite:309 - Nitrite database has been closed successfully.
2020-01-28 20:48:29 INFO  VersionController:44 - Current version of code : 2020.1 . Current version of database : 2020.1
2020-01-28 20:48:33 INFO  Nitrite:309 - Nitrite database has been closed successfully.
2020-01-28 20:49:37 INFO  Application:32 - Started Enigma.
2020-01-28 20:49:38 INFO  Nitrite:309 - Nitrite database has been closed successfully.
2020-01-28 20:49:38 INFO  VersionController:44 - Current version of code : 2020.1 . Current version of database : 2020.1
2020-01-28 20:49:42 INFO  Nitrite:309 - Nitrite database has been closed successfully.
2020-01-28 20:55:47 INFO  Application:32 - Started Enigma.
2020-01-28 20:55:47 INFO  Nitrite:309 - Nitrite database has been closed successfully.
2020-01-28 20:55:47 INFO  VersionController:44 - Current version of code : 2020.1 . Current version of database : 2020.1
2020-01-28 20:55:50 INFO  Nitrite:309 - Nitrite database has been closed successfully.
2020-01-28 20:56:58 INFO  Application:32 - Started Enigma.
2020-01-28 20:56:58 INFO  Nitrite:309 - Nitrite database has been closed successfully.
2020-01-28 20:56:58 INFO  VersionController:44 - Current version of code : 2020.1 . Current version of database : 2020.1
2020-01-28 20:57:00 INFO  Nitrite:309 - Nitrite database has been closed successfully.
2020-01-28 20:57:36 INFO  Application:32 - Started Enigma.
2020-01-28 20:57:36 INFO  Nitrite:309 - Nitrite database has been closed successfully.
2020-01-28 20:57:36 INFO  VersionController:44 - Current version of code : 2020.1 . Current version of database : 2020.1
2020-01-28 20:57:38 INFO  Nitrite:309 - Nitrite database has been closed successfully.
2020-01-28 20:58:15 INFO  Application:32 - Started Enigma.
2020-01-28 20:58:15 INFO  Nitrite:309 - Nitrite database has been closed successfully.
2020-01-28 20:58:15 INFO  VersionController:44 - Current version of code : 2020.1 . Current version of database : 2020.1
2020-01-28 20:58:17 INFO  Nitrite:309 - Nitrite database has been closed successfully.
2020-01-28 21:01:42 INFO  Application:32 - Started Enigma.
2020-01-28 21:01:43 INFO  Nitrite:309 - Nitrite database has been closed successfully.
2020-01-28 21:01:43 INFO  VersionController:44 - Current version of code : 2020.1 . Current version of database : 2020.1
2020-01-28 21:01:46 INFO  Nitrite:309 - Nitrite database has been closed successfully.
2020-01-28 21:03:43 INFO  Application:32 - Started Enigma.
2020-01-28 21:03:43 INFO  Nitrite:309 - Nitrite database has been closed successfully.
2020-01-28 21:03:43 INFO  VersionController:44 - Current version of code : 2020.1 . Current version of database : 2020.1
2020-01-28 21:03:45 INFO  Nitrite:309 - Nitrite database has been closed successfully.
2020-01-28 21:04:32 INFO  Application:32 - Started Enigma.
2020-01-28 21:04:33 INFO  Nitrite:309 - Nitrite database has been closed successfully.
2020-01-28 21:04:33 INFO  VersionController:44 - Current version of code : 2020.1 . Current version of database : 2020.1
2020-01-28 21:04:36 INFO  Nitrite:309 - Nitrite database has been closed successfully.
2020-01-28 21:05:12 INFO  Application:32 - Started Enigma.
2020-01-28 21:05:12 INFO  Nitrite:309 - Nitrite database has been closed successfully.
2020-01-28 21:05:12 INFO  VersionController:44 - Current version of code : 2020.1 . Current version of database : 2020.1
2020-01-28 21:05:14 INFO  Nitrite:309 - Nitrite database has been closed successfully.
2020-01-28 21:06:51 INFO  Application:32 - Started Enigma.
2020-01-28 21:06:52 INFO  Nitrite:309 - Nitrite database has been closed successfully.
2020-01-28 21:06:52 INFO  VersionController:44 - Current version of code : 2020.1 . Current version of database : 2020.1
2020-01-28 21:06:54 INFO  Nitrite:309 - Nitrite database has been closed successfully.
2020-01-28 21:07:04 INFO  Nitrite:309 - Nitrite database has been closed successfully.
2020-01-28 21:07:20 INFO  Nitrite:309 - Nitrite database has been closed successfully.
2020-01-28 21:09:46 INFO  Application:32 - Started Enigma.
2020-01-28 21:09:46 INFO  Nitrite:309 - Nitrite database has been closed successfully.
2020-01-28 21:09:46 INFO  VersionController:44 - Current version of code : 2020.1 . Current version of database : 2020.1
2020-01-28 21:09:49 INFO  Nitrite:309 - Nitrite database has been closed successfully.
2020-01-28 21:09:58 INFO  Nitrite:309 - Nitrite database has been closed successfully.
2020-01-28 21:16:35 INFO  Application:32 - Started Enigma.
2020-01-28 21:16:36 INFO  Nitrite:309 - Nitrite database has been closed successfully.
2020-01-28 21:16:36 INFO  VersionController:44 - Current version of code : 2020.1 . Current version of database : 2020.1
2020-01-28 21:16:38 INFO  Nitrite:309 - Nitrite database has been closed successfully.
2020-01-28 21:21:18 INFO  Application:32 - Started Enigma.
2020-01-28 21:21:19 INFO  Nitrite:309 - Nitrite database has been closed successfully.
2020-01-28 21:21:19 INFO  VersionController:44 - Current version of code : 2020.1 . Current version of database : 2020.1
2020-01-28 21:21:23 INFO  Nitrite:309 - Nitrite database has been closed successfully.
2020-01-28 21:23:06 INFO  Application:32 - Started Enigma.
2020-01-28 21:23:07 INFO  Nitrite:309 - Nitrite database has been closed successfully.
2020-01-28 21:23:07 INFO  VersionController:44 - Current version of code : 2020.1 . Current version of database : 2020.1
2020-01-28 21:23:09 INFO  Nitrite:309 - Nitrite database has been closed successfully.
2020-01-28 21:24:21 INFO  Application:32 - Started Enigma.
2020-01-28 21:24:21 INFO  Nitrite:309 - Nitrite database has been closed successfully.
2020-01-28 21:24:21 INFO  VersionController:44 - Current version of code : 2020.1 . Current version of database : 2020.1
2020-01-28 21:24:24 INFO  Nitrite:309 - Nitrite database has been closed successfully.
2020-01-28 21:39:21 INFO  Application:32 - Started Enigma.
2020-01-28 21:39:22 INFO  Nitrite:309 - Nitrite database has been closed successfully.
2020-01-28 21:39:22 INFO  VersionController:44 - Current version of code : 2020.1 . Current version of database : 2020.1
2020-01-28 21:39:24 INFO  Nitrite:309 - Nitrite database has been closed successfully.
2020-01-28 21:41:26 INFO  Application:32 - Started Enigma.
2020-01-28 21:41:26 INFO  Nitrite:309 - Nitrite database has been closed successfully.
2020-01-28 21:41:26 INFO  VersionController:44 - Current version of code : 2020.1 . Current version of database : 2020.1
2020-01-28 21:41:28 INFO  Nitrite:309 - Nitrite database has been closed successfully.
2020-01-28 22:00:05 INFO  Application:32 - Started Enigma.
2020-01-28 22:00:05 INFO  Nitrite:309 - Nitrite database has been closed successfully.
2020-01-28 22:00:05 INFO  VersionController:44 - Current version of code : 2020.1 . Current version of database : 2020.1
2020-01-28 22:00:07 INFO  Nitrite:309 - Nitrite database has been closed successfully.
2020-01-28 22:04:04 INFO  Application:32 - Started Enigma.
2020-01-28 22:04:05 INFO  Nitrite:309 - Nitrite database has been closed successfully.
2020-01-28 22:04:05 INFO  VersionController:44 - Current version of code : 2020.1 . Current version of database : 2020.1
2020-01-28 22:04:07 INFO  Nitrite:309 - Nitrite database has been closed successfully.
2020-01-28 22:06:08 INFO  Application:32 - Started Enigma.
2020-01-28 22:06:08 INFO  Nitrite:309 - Nitrite database has been closed successfully.
2020-01-28 22:06:08 INFO  VersionController:44 - Current version of code : 2020.1 . Current version of database : 2020.1
2020-01-28 22:06:11 INFO  Nitrite:309 - Nitrite database has been closed successfully.
2020-01-28 22:23:41 INFO  Application:32 - Started Enigma.
2020-01-28 22:23:41 INFO  Nitrite:309 - Nitrite database has been closed successfully.
2020-01-28 22:23:41 INFO  VersionController:44 - Current version of code : 2020.1 . Current version of database : 2020.1
2020-01-28 22:23:43 INFO  Nitrite:309 - Nitrite database has been closed successfully.
2020-01-28 22:23:55 INFO  Nitrite:309 - Nitrite database has been closed successfully.
2020-01-28 22:45:50 INFO  Application:32 - Started Enigma.
2020-01-28 22:45:51 INFO  Nitrite:309 - Nitrite database has been closed successfully.
2020-01-28 22:45:51 INFO  VersionController:44 - Current version of code : 2020.1 . Current version of database : 2020.1
2020-01-28 22:45:55 INFO  Nitrite:309 - Nitrite database has been closed successfully.
2020-01-28 22:46:07 INFO  Nitrite:309 - Nitrite database has been closed successfully.
2020-01-28 22:48:25 INFO  Application:32 - Started Enigma.
2020-01-28 22:48:25 INFO  Nitrite:309 - Nitrite database has been closed successfully.
2020-01-28 22:48:25 INFO  VersionController:44 - Current version of code : 2020.1 . Current version of database : 2020.1
2020-01-28 22:48:29 INFO  Nitrite:309 - Nitrite database has been closed successfully.
2020-01-28 22:48:46 INFO  Nitrite:309 - Nitrite database has been closed successfully.
2020-01-28 22:50:45 INFO  Application:32 - Started Enigma.
2020-01-28 22:50:45 INFO  Nitrite:309 - Nitrite database has been closed successfully.
2020-01-28 22:50:45 INFO  VersionController:44 - Current version of code : 2020.1 . Current version of database : 2020.1
2020-01-28 22:50:47 INFO  Nitrite:309 - Nitrite database has been closed successfully.
2020-01-28 22:50:56 INFO  Nitrite:309 - Nitrite database has been closed successfully.
2020-01-29 11:26:15 INFO  Application:32 - Started Enigma.
2020-01-29 11:26:15 INFO  Nitrite:309 - Nitrite database has been closed successfully.
2020-01-29 11:26:15 INFO  VersionController:44 - Current version of code : 2020.1 . Current version of database : 2020.1
2020-01-29 11:26:21 INFO  Nitrite:309 - Nitrite database has been closed successfully.
2020-01-29 11:32:12 INFO  Application:32 - Started Enigma.
2020-01-29 11:32:12 INFO  Nitrite:309 - Nitrite database has been closed successfully.
2020-01-29 11:32:12 INFO  VersionController:44 - Current version of code : 2020.1 . Current version of database : 2020.1
2020-01-29 11:32:14 INFO  Nitrite:309 - Nitrite database has been closed successfully.
2020-01-29 11:32:43 INFO  Nitrite:309 - Nitrite database has been closed successfully.
2020-01-29 11:38:35 INFO  Application:32 - Started Enigma.
2020-01-29 11:38:35 INFO  Nitrite:309 - Nitrite database has been closed successfully.
2020-01-29 11:38:35 INFO  VersionController:44 - Current version of code : 2020.1 . Current version of database : 2020.1
2020-01-29 11:38:39 INFO  Nitrite:309 - Nitrite database has been closed successfully.
2020-01-29 11:46:33 INFO  Application:32 - Started Enigma.
2020-01-29 11:46:34 INFO  Nitrite:309 - Nitrite database has been closed successfully.
2020-01-29 11:46:34 INFO  VersionController:44 - Current version of code : 2020.1 . Current version of database : 2020.1
2020-01-29 11:46:36 INFO  Nitrite:309 - Nitrite database has been closed successfully.
2020-01-29 11:46:58 INFO  Nitrite:309 - Nitrite database has been closed successfully.
2020-01-29 11:56:03 INFO  Application:32 - Started Enigma.
2020-01-29 11:56:04 INFO  Nitrite:309 - Nitrite database has been closed successfully.
2020-01-29 11:56:04 INFO  VersionController:44 - Current version of code : 2020.1 . Current version of database : 2020.1
2020-01-29 11:56:25 INFO  Nitrite:309 - Nitrite database has been closed successfully.
2020-01-29 11:56:41 INFO  Nitrite:309 - Nitrite database has been closed successfully.
2020-01-29 11:56:51 INFO  Nitrite:309 - Nitrite database has been closed successfully.
2020-01-29 12:00:10 INFO  Application:32 - Started Enigma.
2020-01-29 12:00:10 INFO  Nitrite:309 - Nitrite database has been closed successfully.
2020-01-29 12:00:10 INFO  VersionController:44 - Current version of code : 2020.1 . Current version of database : 2020.1
2020-01-29 12:00:12 INFO  Nitrite:309 - Nitrite database has been closed successfully.
2020-01-29 12:00:44 INFO  Nitrite:309 - Nitrite database has been closed successfully.
2020-01-29 12:00:52 INFO  Nitrite:309 - Nitrite database has been closed successfully.
2020-01-29 13:20:18 INFO  Application:32 - Started Enigma.
2020-01-29 13:20:19 INFO  Nitrite:309 - Nitrite database has been closed successfully.
2020-01-29 13:20:19 INFO  VersionController:44 - Current version of code : 2020.1 . Current version of database : 2020.1
2020-01-29 13:20:21 INFO  Nitrite:309 - Nitrite database has been closed successfully.
2020-01-29 13:31:03 INFO  Application:32 - Started Enigma.
2020-01-29 13:31:04 INFO  Nitrite:309 - Nitrite database has been closed successfully.
2020-01-29 13:31:04 INFO  VersionController:44 - Current version of code : 2020.1 . Current version of database : 2020.1
2020-01-29 13:31:09 INFO  Nitrite:309 - Nitrite database has been closed successfully.
2020-01-29 13:31:30 INFO  Nitrite:309 - Nitrite database has been closed successfully.
2020-01-29 13:31:41 INFO  Nitrite:309 - Nitrite database has been closed successfully.
2020-01-29 13:31:42 INFO  Nitrite:309 - Nitrite database has been closed successfully.
2020-01-29 13:31:47 INFO  Nitrite:309 - Nitrite database has been closed successfully.
2020-01-29 13:31:55 INFO  Nitrite:309 - Nitrite database has been closed successfully.
2020-01-29 13:31:56 INFO  Nitrite:309 - Nitrite database has been closed successfully.
2020-01-29 13:33:11 INFO  Application:32 - Started Enigma.
2020-01-29 13:33:12 INFO  Nitrite:309 - Nitrite database has been closed successfully.
2020-01-29 13:33:12 INFO  VersionController:44 - Current version of code : 2020.1 . Current version of database : 2020.1
2020-01-29 13:33:14 INFO  Nitrite:309 - Nitrite database has been closed successfully.
2020-01-29 13:33:36 INFO  Nitrite:309 - Nitrite database has been closed successfully.
2020-01-29 13:35:25 INFO  Nitrite:309 - Nitrite database has been closed successfully.
2020-01-29 13:36:21 INFO  Application:32 - Started Enigma.
2020-01-29 13:36:21 INFO  Nitrite:309 - Nitrite database has been closed successfully.
2020-01-29 13:36:21 INFO  VersionController:44 - Current version of code : 2020.1 . Current version of database : 2020.1
2020-01-29 13:36:24 INFO  Nitrite:309 - Nitrite database has been closed successfully.
2020-01-29 13:36:41 INFO  Nitrite:309 - Nitrite database has been closed successfully.
2020-01-29 13:36:51 INFO  Nitrite:309 - Nitrite database has been closed successfully.
2020-01-29 13:37:03 INFO  Nitrite:309 - Nitrite database has been closed successfully.
2020-01-29 13:37:08 INFO  Nitrite:309 - Nitrite database has been closed successfully.
2020-01-29 13:37:09 INFO  Nitrite:309 - Nitrite database has been closed successfully.
2020-01-29 13:37:09 INFO  Nitrite:309 - Nitrite database has been closed successfully.
2020-01-29 13:37:10 INFO  Nitrite:309 - Nitrite database has been closed successfully.
2020-01-29 13:37:10 INFO  Nitrite:309 - Nitrite database has been closed successfully.
2020-01-29 13:37:10 INFO  Nitrite:309 - Nitrite database has been closed successfully.
2020-01-29 13:37:10 INFO  Nitrite:309 - Nitrite database has been closed successfully.
2020-01-29 13:37:13 INFO  Nitrite:309 - Nitrite database has been closed successfully.
2020-01-29 13:37:59 INFO  Nitrite:309 - Nitrite database has been closed successfully.
2020-01-29 13:38:02 INFO  Nitrite:309 - Nitrite database has been closed successfully.
2020-01-29 13:50:56 INFO  Application:32 - Started Enigma.
2020-01-29 13:50:56 INFO  Nitrite:309 - Nitrite database has been closed successfully.
2020-01-29 13:50:56 INFO  VersionController:44 - Current version of code : 2020.1 . Current version of database : 2020.1
2020-01-29 13:50:58 INFO  Nitrite:309 - Nitrite database has been closed successfully.
2020-01-29 13:51:14 INFO  Nitrite:309 - Nitrite database has been closed successfully.
2020-01-29 13:51:16 INFO  Nitrite:309 - Nitrite database has been closed successfully.
2020-01-29 13:52:16 INFO  Application:32 - Started Enigma.
2020-01-29 13:52:16 INFO  Nitrite:309 - Nitrite database has been closed successfully.
2020-01-29 13:52:16 INFO  VersionController:44 - Current version of code : 2020.1 . Current version of database : 2020.1
2020-01-29 13:52:18 INFO  Nitrite:309 - Nitrite database has been closed successfully.
2020-01-29 13:52:29 INFO  Nitrite:309 - Nitrite database has been closed successfully.
2020-01-29 14:42:40 INFO  Application:32 - Started Enigma.
2020-01-29 14:42:41 INFO  Nitrite:309 - Nitrite database has been closed successfully.
2020-01-29 14:42:41 INFO  VersionController:44 - Current version of code : 2020.1 . Current version of database : 2020.1
2020-01-29 14:42:43 INFO  Nitrite:309 - Nitrite database has been closed successfully.
2020-01-29 14:42:54 INFO  Nitrite:309 - Nitrite database has been closed successfully.
2020-01-29 14:42:57 INFO  Nitrite:309 - Nitrite database has been closed successfully.
2020-01-29 14:47:40 INFO  Application:32 - Started Enigma.
2020-01-29 14:47:41 INFO  Nitrite:309 - Nitrite database has been closed successfully.
2020-01-29 14:47:41 INFO  VersionController:44 - Current version of code : 2020.1 . Current version of database : 2020.1
2020-01-29 14:47:46 INFO  Nitrite:309 - Nitrite database has been closed successfully.
2020-01-29 14:48:14 INFO  Nitrite:309 - Nitrite database has been closed successfully.
2020-01-29 14:51:05 INFO  Application:32 - Started Enigma.
2020-01-29 14:51:06 INFO  Nitrite:309 - Nitrite database has been closed successfully.
2020-01-29 14:51:06 INFO  VersionController:44 - Current version of code : 2020.1 . Current version of database : 2020.1
2020-01-29 14:51:08 INFO  Nitrite:309 - Nitrite database has been closed successfully.
2020-01-29 14:51:21 INFO  Nitrite:309 - Nitrite database has been closed successfully.
2020-01-29 14:54:24 INFO  Application:32 - Started Enigma.
2020-01-29 14:54:25 INFO  Nitrite:309 - Nitrite database has been closed successfully.
2020-01-29 14:54:25 INFO  VersionController:44 - Current version of code : 2020.1 . Current version of database : 2020.1
2020-01-29 14:54:27 INFO  Nitrite:309 - Nitrite database has been closed successfully.
2020-01-29 14:55:19 INFO  Application:32 - Started Enigma.
2020-01-29 14:55:19 INFO  Nitrite:309 - Nitrite database has been closed successfully.
2020-01-29 14:55:19 INFO  VersionController:44 - Current version of code : 2020.1 . Current version of database : 2020.1
2020-01-29 14:55:22 INFO  Nitrite:309 - Nitrite database has been closed successfully.
2020-01-29 14:58:47 INFO  Application:32 - Started Enigma.
2020-01-29 14:58:47 INFO  Nitrite:309 - Nitrite database has been closed successfully.
2020-01-29 14:58:47 INFO  VersionController:44 - Current version of code : 2020.1 . Current version of database : 2020.1
2020-01-29 14:58:50 INFO  Nitrite:309 - Nitrite database has been closed successfully.
2020-01-29 15:02:38 INFO  Application:32 - Started Enigma.
2020-01-29 15:02:38 INFO  Nitrite:309 - Nitrite database has been closed successfully.
2020-01-29 15:02:38 INFO  VersionController:44 - Current version of code : 2020.1 . Current version of database : 2020.1
2020-01-29 15:02:40 INFO  Nitrite:309 - Nitrite database has been closed successfully.
2020-01-29 15:04:02 INFO  Application:32 - Started Enigma.
2020-01-29 15:04:02 INFO  Nitrite:309 - Nitrite database has been closed successfully.
2020-01-29 15:04:02 INFO  VersionController:44 - Current version of code : 2020.1 . Current version of database : 2020.1
2020-01-29 15:04:07 INFO  Nitrite:309 - Nitrite database has been closed successfully.
2020-01-29 15:04:58 INFO  Application:32 - Started Enigma.
2020-01-29 15:04:59 INFO  Nitrite:309 - Nitrite database has been closed successfully.
2020-01-29 15:04:59 INFO  VersionController:44 - Current version of code : 2020.1 . Current version of database : 2020.1
2020-01-29 15:05:01 INFO  Nitrite:309 - Nitrite database has been closed successfully.
2020-01-29 15:26:11 INFO  Application:32 - Started Enigma.
2020-01-29 15:26:11 INFO  Nitrite:309 - Nitrite database has been closed successfully.
2020-01-29 15:26:11 INFO  VersionController:44 - Current version of code : 2020.1 . Current version of database : 2020.1
2020-01-29 15:26:16 INFO  Nitrite:309 - Nitrite database has been closed successfully.
2020-01-29 15:28:22 INFO  Application:32 - Started Enigma.
2020-01-29 15:28:23 INFO  Nitrite:309 - Nitrite database has been closed successfully.
2020-01-29 15:28:23 INFO  VersionController:44 - Current version of code : 2020.1 . Current version of database : 2020.1
2020-01-29 15:28:25 INFO  Nitrite:309 - Nitrite database has been closed successfully.
2020-01-29 15:32:10 INFO  Application:32 - Started Enigma.
2020-01-29 15:32:11 INFO  Nitrite:309 - Nitrite database has been closed successfully.
2020-01-29 15:32:11 INFO  VersionController:44 - Current version of code : 2020.1 . Current version of database : 2020.1
2020-01-29 15:32:15 INFO  Nitrite:309 - Nitrite database has been closed successfully.
2020-01-29 16:19:27 INFO  Application:32 - Started Enigma.
2020-01-29 16:19:28 INFO  Nitrite:309 - Nitrite database has been closed successfully.
2020-01-29 16:19:28 INFO  VersionController:44 - Current version of code : 2020.1 . Current version of database : 2020.1
2020-01-29 16:19:30 INFO  Nitrite:309 - Nitrite database has been closed successfully.
2020-01-29 19:18:43 INFO  Application:32 - Started Enigma.
2020-01-29 19:18:43 INFO  Nitrite:309 - Nitrite database has been closed successfully.
2020-01-29 19:18:43 INFO  VersionController:44 - Current version of code : 2020.1 . Current version of database : 2020.1
2020-01-29 19:18:47 INFO  Nitrite:309 - Nitrite database has been closed successfully.
2020-01-29 19:22:39 INFO  Application:32 - Started Enigma.
2020-01-29 19:22:40 INFO  Nitrite:309 - Nitrite database has been closed successfully.
2020-01-29 19:22:40 INFO  VersionController:44 - Current version of code : 2020.1 . Current version of database : 2020.1
2020-01-29 19:22:42 INFO  Nitrite:309 - Nitrite database has been closed successfully.
2020-01-29 19:23:14 INFO  Application:32 - Started Enigma.
2020-01-29 19:23:15 INFO  Nitrite:309 - Nitrite database has been closed successfully.
2020-01-29 19:23:15 INFO  VersionController:44 - Current version of code : 2020.1 . Current version of database : 2020.1
2020-01-29 19:23:20 INFO  Nitrite:309 - Nitrite database has been closed successfully.
2020-01-29 20:04:49 INFO  Application:32 - Started Enigma.
2020-01-29 20:04:50 INFO  Nitrite:309 - Nitrite database has been closed successfully.
2020-01-29 20:04:50 INFO  VersionController:44 - Current version of code : 2020.1 . Current version of database : 2020.1
2020-01-29 20:04:52 INFO  Nitrite:309 - Nitrite database has been closed successfully.
2020-01-29 20:10:03 INFO  Application:32 - Started Enigma.
2020-01-29 20:10:03 INFO  Nitrite:309 - Nitrite database has been closed successfully.
2020-01-29 20:10:03 INFO  VersionController:44 - Current version of code : 2020.1 . Current version of database : 2020.1
2020-01-29 20:10:06 INFO  Nitrite:309 - Nitrite database has been closed successfully.
2020-01-29 20:14:58 INFO  Application:32 - Started Enigma.
2020-01-29 20:14:59 INFO  Nitrite:309 - Nitrite database has been closed successfully.
2020-01-29 20:14:59 INFO  VersionController:44 - Current version of code : 2020.1 . Current version of database : 2020.1
2020-01-29 20:15:02 INFO  Nitrite:309 - Nitrite database has been closed successfully.
2020-01-29 20:16:53 INFO  Application:32 - Started Enigma.
2020-01-29 20:16:53 INFO  Nitrite:309 - Nitrite database has been closed successfully.
2020-01-29 20:16:53 INFO  VersionController:44 - Current version of code : 2020.1 . Current version of database : 2020.1
2020-01-29 20:16:56 INFO  Nitrite:309 - Nitrite database has been closed successfully.
2020-01-29 20:48:47 INFO  Application:32 - Started Enigma.
2020-01-29 20:48:48 INFO  Nitrite:309 - Nitrite database has been closed successfully.
2020-01-29 20:48:48 INFO  VersionController:44 - Current version of code : 2020.1 . Current version of database : 2020.1
2020-01-29 20:48:51 INFO  Nitrite:309 - Nitrite database has been closed successfully.
2020-01-29 20:49:57 INFO  Application:32 - Started Enigma.
2020-01-29 20:49:58 INFO  Nitrite:309 - Nitrite database has been closed successfully.
2020-01-29 20:49:58 INFO  VersionController:44 - Current version of code : 2020.1 . Current version of database : 2020.1
2020-01-29 20:50:00 INFO  Nitrite:309 - Nitrite database has been closed successfully.
2020-01-29 20:50:31 INFO  Application:32 - Started Enigma.
2020-01-29 20:50:31 INFO  Nitrite:309 - Nitrite database has been closed successfully.
2020-01-29 20:50:31 INFO  VersionController:44 - Current version of code : 2020.1 . Current version of database : 2020.1
2020-01-29 20:50:34 INFO  Nitrite:309 - Nitrite database has been closed successfully.
2020-01-29 20:52:59 INFO  Application:32 - Started Enigma.
2020-01-29 20:53:00 INFO  Nitrite:309 - Nitrite database has been closed successfully.
2020-01-29 20:53:00 INFO  VersionController:44 - Current version of code : 2020.1 . Current version of database : 2020.1
2020-01-29 20:53:03 INFO  Nitrite:309 - Nitrite database has been closed successfully.
2020-01-29 21:05:47 INFO  Application:32 - Started Enigma.
2020-01-29 21:05:47 INFO  Nitrite:309 - Nitrite database has been closed successfully.
2020-01-29 21:05:47 INFO  VersionController:44 - Current version of code : 2020.1 . Current version of database : 2020.1
2020-01-29 21:05:50 INFO  Nitrite:309 - Nitrite database has been closed successfully.
2020-01-29 21:09:29 INFO  Application:32 - Started Enigma.
2020-01-29 21:09:29 INFO  Nitrite:309 - Nitrite database has been closed successfully.
2020-01-29 21:09:29 INFO  VersionController:44 - Current version of code : 2020.1 . Current version of database : 2020.1
2020-01-29 21:09:32 INFO  Nitrite:309 - Nitrite database has been closed successfully.
2020-01-29 21:17:26 INFO  Application:32 - Started Enigma.
2020-01-29 21:17:26 INFO  Nitrite:309 - Nitrite database has been closed successfully.
2020-01-29 21:17:26 INFO  VersionController:44 - Current version of code : 2020.1 . Current version of database : 2020.1
2020-01-29 21:17:29 INFO  Nitrite:309 - Nitrite database has been closed successfully.
2020-01-29 21:21:08 INFO  Application:32 - Started Enigma.
2020-01-29 21:21:08 INFO  Nitrite:309 - Nitrite database has been closed successfully.
2020-01-29 21:21:08 INFO  VersionController:44 - Current version of code : 2020.1 . Current version of database : 2020.1
2020-01-29 21:21:10 INFO  Nitrite:309 - Nitrite database has been closed successfully.
2020-01-29 21:54:44 INFO  Application:32 - Started Enigma.
2020-01-29 21:54:45 INFO  Nitrite:309 - Nitrite database has been closed successfully.
2020-01-29 21:54:45 INFO  VersionController:44 - Current version of code : 2020.1 . Current version of database : 2020.1
2020-01-29 21:54:47 INFO  Nitrite:309 - Nitrite database has been closed successfully.
2020-01-29 22:00:51 INFO  Application:32 - Started Enigma.
2020-01-29 22:00:51 INFO  Nitrite:309 - Nitrite database has been closed successfully.
2020-01-29 22:00:51 INFO  VersionController:44 - Current version of code : 2020.1 . Current version of database : 2020.1
2020-01-29 22:00:53 INFO  Nitrite:309 - Nitrite database has been closed successfully.
2020-01-29 22:15:07 INFO  Application:32 - Started Enigma.
2020-01-29 22:15:08 INFO  Nitrite:309 - Nitrite database has been closed successfully.
2020-01-29 22:15:08 INFO  VersionController:44 - Current version of code : 2020.1 . Current version of database : 2020.1
2020-01-29 22:15:10 INFO  Nitrite:309 - Nitrite database has been closed successfully.
2020-01-29 22:16:55 INFO  Application:32 - Started Enigma.
2020-01-29 22:16:55 INFO  Nitrite:309 - Nitrite database has been closed successfully.
2020-01-29 22:16:55 INFO  VersionController:44 - Current version of code : 2020.1 . Current version of database : 2020.1
2020-01-29 22:17:00 INFO  Nitrite:309 - Nitrite database has been closed successfully.
2020-01-29 22:21:33 INFO  Application:32 - Started Enigma.
2020-01-29 22:21:34 INFO  Nitrite:309 - Nitrite database has been closed successfully.
2020-01-29 22:21:34 INFO  VersionController:44 - Current version of code : 2020.1 . Current version of database : 2020.1
2020-01-29 22:21:40 INFO  Nitrite:309 - Nitrite database has been closed successfully.
2020-01-29 22:22:39 INFO  Application:32 - Started Enigma.
2020-01-29 22:22:40 INFO  Nitrite:309 - Nitrite database has been closed successfully.
2020-01-29 22:22:40 INFO  VersionController:44 - Current version of code : 2020.1 . Current version of database : 2020.1
2020-01-29 22:22:42 INFO  Nitrite:309 - Nitrite database has been closed successfully.
2020-01-29 22:23:03 INFO  Application:32 - Started Enigma.
2020-01-29 22:23:04 INFO  Nitrite:309 - Nitrite database has been closed successfully.
2020-01-29 22:23:04 INFO  VersionController:44 - Current version of code : 2020.1 . Current version of database : 2020.1
2020-01-29 22:23:06 INFO  Nitrite:309 - Nitrite database has been closed successfully.
2020-01-29 22:23:23 INFO  Application:32 - Started Enigma.
2020-01-29 22:23:24 INFO  Nitrite:309 - Nitrite database has been closed successfully.
2020-01-29 22:23:24 INFO  VersionController:44 - Current version of code : 2020.1 . Current version of database : 2020.1
2020-01-29 22:23:27 INFO  Nitrite:309 - Nitrite database has been closed successfully.
2020-01-29 22:34:47 INFO  Application:32 - Started Enigma.
2020-01-29 22:34:48 INFO  Nitrite:309 - Nitrite database has been closed successfully.
2020-01-29 22:34:48 INFO  VersionController:44 - Current version of code : 2020.1 . Current version of database : 2020.1
2020-01-29 22:34:50 INFO  Nitrite:309 - Nitrite database has been closed successfully.
2020-01-29 22:36:27 INFO  Application:32 - Started Enigma.
2020-01-29 22:36:28 INFO  Nitrite:309 - Nitrite database has been closed successfully.
2020-01-29 22:36:28 INFO  VersionController:44 - Current version of code : 2020.1 . Current version of database : 2020.1
2020-01-29 22:36:33 INFO  Nitrite:309 - Nitrite database has been closed successfully.
2020-01-31 12:48:21 INFO  Application:32 - Started Enigma.
2020-01-31 12:48:21 INFO  Nitrite:309 - Nitrite database has been closed successfully.
2020-01-31 12:48:21 INFO  VersionController:44 - Current version of code : 2020.1 . Current version of database : 2020.1
2020-01-31 12:48:24 INFO  Nitrite:309 - Nitrite database has been closed successfully.
2020-01-31 12:50:16 INFO  Application:32 - Started Enigma.
2020-01-31 12:50:16 INFO  Nitrite:309 - Nitrite database has been closed successfully.
2020-01-31 12:50:16 INFO  VersionController:44 - Current version of code : 2020.1 . Current version of database : 2020.1
2020-01-31 12:50:19 INFO  Nitrite:309 - Nitrite database has been closed successfully.
2020-01-31 12:51:48 INFO  Application:32 - Started Enigma.
2020-01-31 12:51:49 INFO  Nitrite:309 - Nitrite database has been closed successfully.
2020-01-31 12:51:49 INFO  VersionController:44 - Current version of code : 2020.1 . Current version of database : 2020.1
2020-01-31 12:51:50 INFO  Nitrite:309 - Nitrite database has been closed successfully.
2020-01-31 12:52:42 INFO  Nitrite:309 - Nitrite database has been closed successfully.
2020-01-31 13:02:23 INFO  Application:32 - Started Enigma.
2020-01-31 13:02:23 INFO  Nitrite:309 - Nitrite database has been closed successfully.
2020-01-31 13:02:23 INFO  VersionController:44 - Current version of code : 2020.1 . Current version of database : 2020.1
2020-01-31 13:02:26 INFO  Nitrite:309 - Nitrite database has been closed successfully.
2020-01-31 13:02:30 INFO  SeFrontend:41 - Created singleton instance for SeFrontend.
2020-01-31 13:02:43 INFO  Nitrite:309 - Nitrite database has been closed successfully.
2020-01-31 13:02:53 INFO  Nitrite:309 - Nitrite database has been closed successfully.
2020-01-31 13:03:04 INFO  Nitrite:309 - Nitrite database has been closed successfully.
2020-01-31 13:03:13 INFO  Nitrite:309 - Nitrite database has been closed successfully.
2020-01-31 13:03:14 INFO  Nitrite:309 - Nitrite database has been closed successfully.
2020-01-31 13:03:26 INFO  Nitrite:309 - Nitrite database has been closed successfully.
2020-01-31 13:03:41 INFO  Nitrite:309 - Nitrite database has been closed successfully.
2020-01-31 13:03:46 INFO  Nitrite:309 - Nitrite database has been closed successfully.
2020-01-31 13:04:11 INFO  Application:32 - Started Enigma.
2020-01-31 13:04:11 INFO  Nitrite:309 - Nitrite database has been closed successfully.
2020-01-31 13:04:11 INFO  VersionController:44 - Current version of code : 2020.1 . Current version of database : 2020.1
2020-01-31 13:04:13 INFO  Nitrite:309 - Nitrite database has been closed successfully.
2020-01-31 13:04:25 INFO  SeFrontend:41 - Created singleton instance for SeFrontend.
2020-01-31 13:15:53 INFO  Application:32 - Started Enigma.
2020-01-31 13:15:53 INFO  Nitrite:309 - Nitrite database has been closed successfully.
2020-01-31 13:15:53 INFO  VersionController:44 - Current version of code : 2020.1 . Current version of database : 2020.1
2020-01-31 13:15:55 INFO  Nitrite:309 - Nitrite database has been closed successfully.
2020-01-31 13:18:52 INFO  Application:32 - Started Enigma.
2020-01-31 13:18:52 INFO  Nitrite:309 - Nitrite database has been closed successfully.
2020-01-31 13:18:52 INFO  VersionController:44 - Current version of code : 2020.1 . Current version of database : 2020.1
2020-01-31 13:18:54 INFO  Nitrite:309 - Nitrite database has been closed successfully.
2020-01-31 13:19:54 INFO  Application:32 - Started Enigma.
2020-01-31 13:19:55 INFO  Nitrite:309 - Nitrite database has been closed successfully.
2020-01-31 13:19:55 INFO  VersionController:44 - Current version of code : 2020.1 . Current version of database : 2020.1
2020-01-31 13:19:57 INFO  Nitrite:309 - Nitrite database has been closed successfully.
2020-01-31 13:26:35 INFO  Application:32 - Started Enigma.
2020-01-31 13:26:36 INFO  Nitrite:309 - Nitrite database has been closed successfully.
2020-01-31 13:26:36 INFO  VersionController:44 - Current version of code : 2020.1 . Current version of database : 2020.1
2020-01-31 13:26:38 INFO  Nitrite:309 - Nitrite database has been closed successfully.
2020-01-31 21:34:44 INFO  Application:32 - Started Enigma.
2020-01-31 21:34:45 INFO  Nitrite:309 - Nitrite database has been closed successfully.
2020-01-31 21:34:45 INFO  VersionController:44 - Current version of code : 2020.1 . Current version of database : 2020.1
2020-01-31 21:34:48 INFO  Nitrite:309 - Nitrite database has been closed successfully.
2020-01-31 21:34:59 INFO  SeFrontend:41 - Created singleton instance for SeFrontend.
2020-01-31 21:37:48 INFO  Application:32 - Started Enigma.
2020-01-31 21:37:49 INFO  Nitrite:309 - Nitrite database has been closed successfully.
2020-01-31 21:37:49 INFO  VersionController:44 - Current version of code : 2020.1 . Current version of database : 2020.1
2020-01-31 21:37:51 INFO  Nitrite:309 - Nitrite database has been closed successfully.
2020-01-31 21:42:46 INFO  Application:32 - Started Enigma.
2020-01-31 21:42:46 INFO  Nitrite:309 - Nitrite database has been closed successfully.
2020-01-31 21:42:46 INFO  VersionController:44 - Current version of code : 2020.1 . Current version of database : 2020.1
2020-01-31 21:42:48 INFO  Nitrite:309 - Nitrite database has been closed successfully.
2020-01-31 21:47:31 INFO  Application:32 - Started Enigma.
2020-01-31 21:47:31 INFO  Nitrite:309 - Nitrite database has been closed successfully.
2020-01-31 21:47:31 INFO  VersionController:44 - Current version of code : 2020.1 . Current version of database : 2020.1
2020-01-31 21:47:39 INFO  Nitrite:309 - Nitrite database has been closed successfully.
2020-01-31 21:48:42 INFO  Application:32 - Started Enigma.
2020-01-31 21:48:42 INFO  Nitrite:309 - Nitrite database has been closed successfully.
2020-01-31 21:48:42 INFO  VersionController:44 - Current version of code : 2020.1 . Current version of database : 2020.1
2020-01-31 21:48:45 INFO  Nitrite:309 - Nitrite database has been closed successfully.
2020-01-31 21:50:23 INFO  Application:32 - Started Enigma.
2020-01-31 21:50:23 INFO  Nitrite:309 - Nitrite database has been closed successfully.
2020-01-31 21:50:23 INFO  VersionController:44 - Current version of code : 2020.1 . Current version of database : 2020.1
2020-01-31 21:50:26 INFO  Nitrite:309 - Nitrite database has been closed successfully.
2020-01-31 21:59:36 INFO  Application:32 - Started Enigma.
2020-01-31 21:59:37 INFO  Nitrite:309 - Nitrite database has been closed successfully.
2020-01-31 21:59:37 INFO  VersionController:44 - Current version of code : 2020.1 . Current version of database : 2020.1
2020-01-31 21:59:40 INFO  Nitrite:309 - Nitrite database has been closed successfully.
2020-01-31 22:02:09 INFO  Application:32 - Started Enigma.
2020-01-31 22:02:09 INFO  Nitrite:309 - Nitrite database has been closed successfully.
2020-01-31 22:02:09 INFO  VersionController:44 - Current version of code : 2020.1 . Current version of database : 2020.1
2020-01-31 22:02:12 INFO  Nitrite:309 - Nitrite database has been closed successfully.
2020-01-31 22:04:59 INFO  Application:32 - Started Enigma.
2020-01-31 22:04:59 INFO  Nitrite:309 - Nitrite database has been closed successfully.
2020-01-31 22:04:59 INFO  VersionController:44 - Current version of code : 2020.1 . Current version of database : 2020.1
2020-01-31 22:05:03 INFO  Nitrite:309 - Nitrite database has been closed successfully.
2020-01-31 22:21:06 INFO  Application:32 - Started Enigma.
2020-01-31 22:21:07 INFO  Nitrite:309 - Nitrite database has been closed successfully.
2020-01-31 22:21:07 INFO  VersionController:44 - Current version of code : 2020.1 . Current version of database : 2020.1
2020-01-31 22:21:09 INFO  Nitrite:309 - Nitrite database has been closed successfully.
2020-01-31 22:26:48 INFO  Application:32 - Started Enigma.
2020-01-31 22:26:49 INFO  Nitrite:309 - Nitrite database has been closed successfully.
2020-01-31 22:26:49 INFO  VersionController:44 - Current version of code : 2020.1 . Current version of database : 2020.1
2020-01-31 22:26:51 INFO  Nitrite:309 - Nitrite database has been closed successfully.
2020-01-31 22:27:26 INFO  Application:32 - Started Enigma.
2020-01-31 22:27:26 INFO  Nitrite:309 - Nitrite database has been closed successfully.
2020-01-31 22:27:26 INFO  VersionController:44 - Current version of code : 2020.1 . Current version of database : 2020.1
2020-01-31 22:27:28 INFO  Nitrite:309 - Nitrite database has been closed successfully.
2020-01-31 22:30:57 INFO  Application:32 - Started Enigma.
2020-01-31 22:30:57 INFO  Nitrite:309 - Nitrite database has been closed successfully.
2020-01-31 22:30:57 INFO  VersionController:44 - Current version of code : 2020.1 . Current version of database : 2020.1
2020-01-31 22:30:59 INFO  Nitrite:309 - Nitrite database has been closed successfully.
2020-01-31 22:38:41 INFO  Application:32 - Started Enigma.
2020-01-31 22:38:41 INFO  Nitrite:309 - Nitrite database has been closed successfully.
2020-01-31 22:38:41 INFO  VersionController:44 - Current version of code : 2020.1 . Current version of database : 2020.1
2020-01-31 22:38:43 INFO  Nitrite:309 - Nitrite database has been closed successfully.
2020-01-31 23:00:12 INFO  Application:32 - Started Enigma.
2020-01-31 23:00:13 INFO  Nitrite:309 - Nitrite database has been closed successfully.
2020-01-31 23:00:13 INFO  VersionController:44 - Current version of code : 2020.1 . Current version of database : 2020.1
2020-01-31 23:00:15 INFO  Nitrite:309 - Nitrite database has been closed successfully.
2020-01-31 23:07:09 INFO  Application:32 - Started Enigma.
2020-01-31 23:07:09 INFO  Nitrite:309 - Nitrite database has been closed successfully.
2020-01-31 23:07:09 INFO  VersionController:44 - Current version of code : 2020.1 . Current version of database : 2020.1
2020-01-31 23:07:11 INFO  Nitrite:309 - Nitrite database has been closed successfully.
2020-01-31 23:08:05 INFO  Application:32 - Started Enigma.
2020-01-31 23:08:06 INFO  Nitrite:309 - Nitrite database has been closed successfully.
2020-01-31 23:08:06 INFO  VersionController:44 - Current version of code : 2020.1 . Current version of database : 2020.1
2020-01-31 23:08:08 INFO  Nitrite:309 - Nitrite database has been closed successfully.
2020-01-31 23:11:52 INFO  Application:32 - Started Enigma.
2020-01-31 23:11:53 INFO  Nitrite:309 - Nitrite database has been closed successfully.
2020-01-31 23:11:53 INFO  VersionController:44 - Current version of code : 2020.1 . Current version of database : 2020.1
2020-01-31 23:11:57 INFO  Nitrite:309 - Nitrite database has been closed successfully.
2020-01-31 23:14:27 INFO  Application:32 - Started Enigma.
2020-01-31 23:14:27 INFO  Nitrite:309 - Nitrite database has been closed successfully.
2020-01-31 23:14:27 INFO  VersionController:44 - Current version of code : 2020.1 . Current version of database : 2020.1
2020-01-31 23:14:29 INFO  Nitrite:309 - Nitrite database has been closed successfully.
2020-01-31 23:18:20 INFO  Application:32 - Started Enigma.
2020-01-31 23:18:20 INFO  Nitrite:309 - Nitrite database has been closed successfully.
2020-01-31 23:18:20 INFO  VersionController:44 - Current version of code : 2020.1 . Current version of database : 2020.1
2020-01-31 23:18:22 INFO  Nitrite:309 - Nitrite database has been closed successfully.
2020-01-31 23:20:17 INFO  Application:32 - Started Enigma.
2020-01-31 23:20:18 INFO  Nitrite:309 - Nitrite database has been closed successfully.
2020-01-31 23:20:18 INFO  VersionController:44 - Current version of code : 2020.1 . Current version of database : 2020.1
2020-01-31 23:20:20 INFO  Nitrite:309 - Nitrite database has been closed successfully.
2020-02-01 21:52:03 INFO  Application:32 - Started Enigma.
2020-02-01 21:52:04 INFO  Nitrite:309 - Nitrite database has been closed successfully.
2020-02-01 21:52:04 INFO  VersionController:44 - Current version of code : 2020.1 . Current version of database : 2020.1
2020-02-01 21:55:15 INFO  Application:32 - Started Enigma.
2020-02-01 21:55:15 INFO  Nitrite:309 - Nitrite database has been closed successfully.
2020-02-01 21:55:15 INFO  VersionController:44 - Current version of code : 2020.1 . Current version of database : 2020.1
2020-02-01 21:55:17 INFO  Nitrite:309 - Nitrite database has been closed successfully.
2020-02-01 21:55:22 INFO  SeFrontend:41 - Created singleton instance for SeFrontend.
2020-02-01 22:35:24 INFO  Application:32 - Started Enigma.
2020-02-01 22:35:25 INFO  Nitrite:309 - Nitrite database has been closed successfully.
2020-02-01 22:35:25 INFO  VersionController:44 - Current version of code : 2020.1 . Current version of database : 2020.1
2020-02-01 22:35:27 INFO  Nitrite:309 - Nitrite database has been closed successfully.
2020-02-01 22:35:38 INFO  Nitrite:309 - Nitrite database has been closed successfully.
2020-02-01 22:35:49 INFO  Nitrite:309 - Nitrite database has been closed successfully.
2020-02-01 22:35:56 INFO  Nitrite:309 - Nitrite database has been closed successfully.
2020-02-01 22:35:58 INFO  Nitrite:309 - Nitrite database has been closed successfully.
2020-02-01 22:36:03 INFO  Nitrite:309 - Nitrite database has been closed successfully.
2020-02-01 22:36:47 INFO  Nitrite:309 - Nitrite database has been closed successfully.
2020-02-01 22:42:19 INFO  Application:32 - Started Enigma.
2020-02-01 22:42:20 INFO  Nitrite:309 - Nitrite database has been closed successfully.
2020-02-01 22:42:20 INFO  VersionController:44 - Current version of code : 2020.1 . Current version of database : 2020.1
2020-02-01 22:42:21 INFO  Nitrite:309 - Nitrite database has been closed successfully.
2020-02-01 22:42:27 INFO  Nitrite:309 - Nitrite database has been closed successfully.
2020-02-01 22:42:28 INFO  Nitrite:309 - Nitrite database has been closed successfully.
2020-02-01 22:43:11 INFO  Nitrite:309 - Nitrite database has been closed successfully.
2020-02-01 22:43:11 INFO  SeFrontend:41 - Created singleton instance for SeFrontend.
2020-02-01 22:50:31 INFO  Application:32 - Started Enigma.
2020-02-01 22:50:31 INFO  Nitrite:309 - Nitrite database has been closed successfully.
2020-02-01 22:50:31 INFO  VersionController:44 - Current version of code : 2020.1 . Current version of database : 2020.1
2020-02-01 22:50:33 INFO  Nitrite:309 - Nitrite database has been closed successfully.
2020-02-01 22:50:41 INFO  SeFrontend:41 - Created singleton instance for SeFrontend.
2020-02-01 22:57:24 INFO  Application:32 - Started Enigma.
2020-02-01 22:57:25 INFO  Nitrite:309 - Nitrite database has been closed successfully.
2020-02-01 22:57:25 INFO  VersionController:44 - Current version of code : 2020.1 . Current version of database : 2020.1
2020-02-01 22:57:27 INFO  Nitrite:309 - Nitrite database has been closed successfully.
2020-02-01 23:10:23 INFO  Application:32 - Started Enigma.
2020-02-01 23:10:23 INFO  Nitrite:309 - Nitrite database has been closed successfully.
2020-02-01 23:10:23 INFO  VersionController:44 - Current version of code : 2020.1 . Current version of database : 2020.1
2020-02-01 23:10:26 INFO  Nitrite:309 - Nitrite database has been closed successfully.
2020-02-01 23:12:10 INFO  Application:32 - Started Enigma.
2020-02-01 23:12:11 INFO  Nitrite:309 - Nitrite database has been closed successfully.
2020-02-01 23:12:11 INFO  VersionController:44 - Current version of code : 2020.1 . Current version of database : 2020.1
2020-02-01 23:12:13 INFO  Nitrite:309 - Nitrite database has been closed successfully.
2020-02-01 23:12:18 INFO  Nitrite:309 - Nitrite database has been closed successfully.
2020-02-01 23:12:37 INFO  SeFrontend:41 - Created singleton instance for SeFrontend.
2020-02-01 23:13:53 INFO  Nitrite:309 - Nitrite database has been closed successfully.
2020-02-01 23:13:56 INFO  Nitrite:309 - Nitrite database has been closed successfully.
2020-02-01 23:14:04 INFO  Nitrite:309 - Nitrite database has been closed successfully.
2020-02-01 23:14:04 INFO  Nitrite:309 - Nitrite database has been closed successfully.
2020-02-01 23:18:14 INFO  Application:32 - Started Enigma.
2020-02-01 23:18:15 INFO  Nitrite:309 - Nitrite database has been closed successfully.
2020-02-01 23:18:15 INFO  VersionController:44 - Current version of code : 2020.1 . Current version of database : 2020.1
2020-02-01 23:18:17 INFO  Nitrite:309 - Nitrite database has been closed successfully.
2020-02-01 23:18:26 INFO  Nitrite:309 - Nitrite database has been closed successfully.
2020-02-01 23:18:46 INFO  SeFrontend:41 - Created singleton instance for SeFrontend.
2020-02-01 23:21:03 INFO  Application:32 - Started Enigma.
2020-02-01 23:21:04 INFO  Nitrite:309 - Nitrite database has been closed successfully.
2020-02-01 23:21:04 INFO  VersionController:44 - Current version of code : 2020.1 . Current version of database : 2020.1
2020-02-01 23:21:06 INFO  Nitrite:309 - Nitrite database has been closed successfully.
2020-02-01 23:21:12 INFO  Nitrite:309 - Nitrite database has been closed successfully.
2020-02-01 23:21:13 INFO  Nitrite:309 - Nitrite database has been closed successfully.
2020-02-01 23:21:13 INFO  Nitrite:309 - Nitrite database has been closed successfully.
2020-02-01 23:21:14 INFO  Nitrite:309 - Nitrite database has been closed successfully.
2020-02-01 23:21:14 INFO  Nitrite:309 - Nitrite database has been closed successfully.
2020-02-01 23:21:15 INFO  Nitrite:309 - Nitrite database has been closed successfully.
2020-02-01 23:21:15 INFO  Nitrite:309 - Nitrite database has been closed successfully.
2020-02-01 23:21:33 INFO  SeFrontend:41 - Created singleton instance for SeFrontend.
2020-02-01 23:22:54 INFO  Application:32 - Started Enigma.
2020-02-01 23:22:55 INFO  Nitrite:309 - Nitrite database has been closed successfully.
2020-02-01 23:22:55 INFO  VersionController:44 - Current version of code : 2020.1 . Current version of database : 2020.1
2020-02-01 23:22:57 INFO  Nitrite:309 - Nitrite database has been closed successfully.
2020-02-01 23:23:04 INFO  Nitrite:309 - Nitrite database has been closed successfully.
2020-02-01 23:23:04 INFO  Nitrite:309 - Nitrite database has been closed successfully.
2020-02-01 23:23:04 INFO  Nitrite:309 - Nitrite database has been closed successfully.
2020-02-01 23:23:04 INFO  Nitrite:309 - Nitrite database has been closed successfully.
2020-02-01 23:23:04 INFO  Nitrite:309 - Nitrite database has been closed successfully.
2020-02-01 23:23:04 INFO  Nitrite:309 - Nitrite database has been closed successfully.
2020-02-01 23:23:04 INFO  Nitrite:309 - Nitrite database has been closed successfully.
2020-02-01 23:23:17 INFO  SeFrontend:41 - Created singleton instance for SeFrontend.
2020-02-01 23:43:42 INFO  Application:32 - Started Enigma.
2020-02-01 23:43:42 INFO  Nitrite:309 - Nitrite database has been closed successfully.
2020-02-01 23:43:42 INFO  VersionController:44 - Current version of code : 2020.1 . Current version of database : 2020.1
2020-02-01 23:43:46 INFO  Nitrite:309 - Nitrite database has been closed successfully.
2020-02-02 11:48:26 INFO  Application:32 - Started Enigma.
2020-02-02 11:48:26 INFO  Nitrite:309 - Nitrite database has been closed successfully.
2020-02-02 11:48:26 INFO  VersionController:44 - Current version of code : 2020.1 . Current version of database : 2020.1
2020-02-02 11:48:29 INFO  Nitrite:309 - Nitrite database has been closed successfully.
2020-02-02 12:20:13 INFO  Application:32 - Started Enigma.
2020-02-02 12:20:13 INFO  Nitrite:309 - Nitrite database has been closed successfully.
2020-02-02 12:20:14 INFO  VersionController:44 - Current version of code : 2020.1 . Current version of database : 2020.1
2020-02-02 12:20:16 INFO  Nitrite:309 - Nitrite database has been closed successfully.
2020-02-02 12:20:45 INFO  Application:32 - Started Enigma.
2020-02-02 12:20:46 INFO  Nitrite:309 - Nitrite database has been closed successfully.
2020-02-02 12:20:46 INFO  VersionController:44 - Current version of code : 2020.1 . Current version of database : 2020.1
2020-02-02 12:20:52 INFO  Nitrite:309 - Nitrite database has been closed successfully.
2020-02-02 12:31:06 INFO  Application:32 - Started Enigma.
2020-02-02 12:31:07 INFO  Nitrite:309 - Nitrite database has been closed successfully.
2020-02-02 12:31:07 INFO  VersionController:44 - Current version of code : 2020.1 . Current version of database : 2020.1
2020-02-02 12:31:09 INFO  Nitrite:309 - Nitrite database has been closed successfully.
2020-02-02 12:34:26 INFO  Application:32 - Started Enigma.
2020-02-02 12:34:27 INFO  Nitrite:309 - Nitrite database has been closed successfully.
2020-02-02 12:34:27 INFO  VersionController:44 - Current version of code : 2020.1 . Current version of database : 2020.1
2020-02-02 12:34:29 INFO  Nitrite:309 - Nitrite database has been closed successfully.
2020-02-02 12:50:08 INFO  Application:32 - Started Enigma.
2020-02-02 12:50:08 INFO  Nitrite:309 - Nitrite database has been closed successfully.
2020-02-02 12:50:08 INFO  VersionController:44 - Current version of code : 2020.1 . Current version of database : 2020.1
2020-02-02 12:50:11 INFO  Nitrite:309 - Nitrite database has been closed successfully.
2020-02-02 12:50:46 INFO  Application:32 - Started Enigma.
2020-02-02 12:50:47 INFO  Nitrite:309 - Nitrite database has been closed successfully.
2020-02-02 12:50:47 INFO  VersionController:44 - Current version of code : 2020.1 . Current version of database : 2020.1
2020-02-02 12:50:49 INFO  Nitrite:309 - Nitrite database has been closed successfully.
2020-02-02 12:51:42 INFO  Application:32 - Started Enigma.
2020-02-02 12:51:42 INFO  Nitrite:309 - Nitrite database has been closed successfully.
2020-02-02 12:51:42 INFO  VersionController:44 - Current version of code : 2020.1 . Current version of database : 2020.1
2020-02-02 12:51:46 INFO  Nitrite:309 - Nitrite database has been closed successfully.
2020-02-02 12:52:18 INFO  Application:32 - Started Enigma.
2020-02-02 12:52:18 INFO  Nitrite:309 - Nitrite database has been closed successfully.
2020-02-02 12:52:18 INFO  VersionController:44 - Current version of code : 2020.1 . Current version of database : 2020.1
2020-02-02 12:52:20 INFO  Nitrite:309 - Nitrite database has been closed successfully.
2020-02-02 12:53:50 INFO  Application:32 - Started Enigma.
2020-02-02 12:53:50 INFO  Nitrite:309 - Nitrite database has been closed successfully.
2020-02-02 12:53:50 INFO  VersionController:44 - Current version of code : 2020.1 . Current version of database : 2020.1
2020-02-02 12:53:52 INFO  Nitrite:309 - Nitrite database has been closed successfully.
2020-02-02 14:30:34 INFO  Application:32 - Started Enigma.
2020-02-02 14:30:35 INFO  Nitrite:309 - Nitrite database has been closed successfully.
2020-02-02 14:30:35 INFO  VersionController:44 - Current version of code : 2020.1 . Current version of database : 2020.1
2020-02-02 14:30:40 INFO  Nitrite:309 - Nitrite database has been closed successfully.
2020-02-02 14:32:31 INFO  Application:32 - Started Enigma.
2020-02-02 14:32:32 INFO  Nitrite:309 - Nitrite database has been closed successfully.
2020-02-02 14:32:32 INFO  VersionController:44 - Current version of code : 2020.1 . Current version of database : 2020.1
2020-02-02 14:32:34 INFO  Nitrite:309 - Nitrite database has been closed successfully.
2020-02-02 14:33:51 INFO  Application:32 - Started Enigma.
2020-02-02 14:33:51 INFO  Nitrite:309 - Nitrite database has been closed successfully.
2020-02-02 14:33:51 INFO  VersionController:44 - Current version of code : 2020.1 . Current version of database : 2020.1
2020-02-02 14:33:53 INFO  Nitrite:309 - Nitrite database has been closed successfully.
2020-02-02 14:36:28 INFO  Application:32 - Started Enigma.
2020-02-02 14:36:29 INFO  Nitrite:309 - Nitrite database has been closed successfully.
2020-02-02 14:36:29 INFO  VersionController:44 - Current version of code : 2020.1 . Current version of database : 2020.1
2020-02-02 14:36:31 INFO  Nitrite:309 - Nitrite database has been closed successfully.
2020-02-03 21:40:45 INFO  Application:32 - Started Enigma.
2020-02-03 21:40:45 INFO  Nitrite:309 - Nitrite database has been closed successfully.
2020-02-03 21:40:45 INFO  VersionController:44 - Current version of code : 2020.1 . Current version of database : 2020.1
2020-02-03 21:40:48 INFO  Nitrite:309 - Nitrite database has been closed successfully.
2020-02-03 21:42:48 INFO  Application:32 - Started Enigma.
2020-02-03 21:42:49 INFO  Nitrite:309 - Nitrite database has been closed successfully.
2020-02-03 21:42:49 INFO  VersionController:44 - Current version of code : 2020.1 . Current version of database : 2020.1
2020-02-03 21:42:51 INFO  Nitrite:309 - Nitrite database has been closed successfully.
2020-02-03 21:46:23 INFO  Application:32 - Started Enigma.
2020-02-03 21:46:23 INFO  Nitrite:309 - Nitrite database has been closed successfully.
2020-02-03 21:46:23 INFO  VersionController:44 - Current version of code : 2020.1 . Current version of database : 2020.1
2020-02-03 21:46:25 INFO  Nitrite:309 - Nitrite database has been closed successfully.
2020-02-03 21:50:56 INFO  Application:32 - Started Enigma.
2020-02-03 21:50:57 INFO  Nitrite:309 - Nitrite database has been closed successfully.
2020-02-03 21:50:57 INFO  VersionController:44 - Current version of code : 2020.1 . Current version of database : 2020.1
2020-02-03 21:50:59 INFO  Nitrite:309 - Nitrite database has been closed successfully.
2020-02-03 21:51:40 INFO  Application:32 - Started Enigma.
2020-02-03 21:51:40 INFO  Nitrite:309 - Nitrite database has been closed successfully.
2020-02-03 21:51:40 INFO  VersionController:44 - Current version of code : 2020.1 . Current version of database : 2020.1
2020-02-03 21:51:42 INFO  Nitrite:309 - Nitrite database has been closed successfully.
2020-02-03 21:53:11 INFO  Application:32 - Started Enigma.
2020-02-03 21:53:11 INFO  Nitrite:309 - Nitrite database has been closed successfully.
2020-02-03 21:53:11 INFO  VersionController:44 - Current version of code : 2020.1 . Current version of database : 2020.1
2020-02-03 21:53:14 INFO  Nitrite:309 - Nitrite database has been closed successfully.
2020-02-03 21:54:26 INFO  Application:32 - Started Enigma.
2020-02-03 21:54:27 INFO  Nitrite:309 - Nitrite database has been closed successfully.
2020-02-03 21:54:27 INFO  VersionController:44 - Current version of code : 2020.1 . Current version of database : 2020.1
2020-02-03 21:54:29 INFO  Nitrite:309 - Nitrite database has been closed successfully.
2020-02-04 12:20:01 INFO  Application:32 - Started Enigma.
2020-02-04 12:20:01 INFO  Nitrite:309 - Nitrite database has been closed successfully.
2020-02-04 12:20:01 INFO  VersionController:44 - Current version of code : 2020.1 . Current version of database : 2020.1
2020-02-04 12:20:05 INFO  Nitrite:309 - Nitrite database has been closed successfully.
2020-02-04 12:27:26 INFO  Application:32 - Started Enigma.
2020-02-04 12:27:27 INFO  Nitrite:309 - Nitrite database has been closed successfully.
2020-02-04 12:27:27 INFO  VersionController:44 - Current version of code : 2020.1 . Current version of database : 2020.1
2020-02-04 12:27:29 INFO  Nitrite:309 - Nitrite database has been closed successfully.
2020-02-04 12:27:42 INFO  Nitrite:309 - Nitrite database has been closed successfully.
2020-02-04 12:27:42 INFO  Nitrite:309 - Nitrite database has been closed successfully.
2020-02-04 12:27:42 INFO  Nitrite:309 - Nitrite database has been closed successfully.
2020-02-04 12:27:43 INFO  Nitrite:309 - Nitrite database has been closed successfully.
2020-02-04 12:27:43 INFO  Nitrite:309 - Nitrite database has been closed successfully.
2020-02-04 22:53:10 INFO  Application:32 - Started Enigma.
2020-02-04 22:53:10 INFO  Nitrite:309 - Nitrite database has been closed successfully.
2020-02-04 22:53:10 INFO  VersionController:44 - Current version of code : 2020.1 . Current version of database : 2020.1
2020-02-04 22:53:14 INFO  Nitrite:309 - Nitrite database has been closed successfully.
2020-02-05 22:44:38 INFO  Application:32 - Started Enigma.
2020-02-05 22:46:24 INFO  Application:32 - Started Enigma.
2020-02-05 22:46:25 INFO  Nitrite:309 - Nitrite database has been closed successfully.
2020-02-05 22:46:25 ERROR Application:45 - Could not start the root app. Exception : 
/C:/dev/enigma/code/target/classes/fxml/dashboard.fxml

2020-02-05 22:47:34 INFO  Application:32 - Started Enigma.
2020-02-05 22:47:34 INFO  Nitrite:309 - Nitrite database has been closed successfully.
2020-02-05 22:47:34 ERROR Application:45 - Could not start the root app. Exception : 
/C:/dev/enigma/code/target/classes/fxml/dashboard.fxml

2020-02-05 22:48:09 INFO  Application:32 - Started Enigma.
2020-02-05 22:48:09 INFO  Nitrite:309 - Nitrite database has been closed successfully.
2020-02-05 22:48:09 ERROR Application:45 - Could not start the root app. Exception : 
/C:/dev/enigma/code/target/classes/fxml/dashboard.fxml

2020-02-05 22:49:13 INFO  Application:32 - Started Enigma.
2020-02-05 22:49:14 INFO  Nitrite:309 - Nitrite database has been closed successfully.
2020-02-05 22:49:14 ERROR Application:45 - Could not start the root app. Exception : 
/C:/dev/enigma/code/target/classes/fxml/dashboard.fxml

2020-02-05 22:51:00 INFO  Application:32 - Started Enigma.
2020-02-05 22:51:00 INFO  Nitrite:309 - Nitrite database has been closed successfully.
2020-02-05 22:51:00 ERROR Application:45 - Could not start the root app. Exception : 
/C:/dev/enigma/code/target/classes/fxml/dashboard.fxml

2020-02-05 22:51:20 INFO  Application:32 - Started Enigma.
2020-02-05 22:51:20 INFO  Nitrite:309 - Nitrite database has been closed successfully.
2020-02-05 22:51:20 ERROR Application:45 - Could not start the root app. Exception : 
/C:/dev/enigma/code/target/classes/fxml/dashboard.fxml

2020-02-05 22:54:00 INFO  Application:32 - Started Enigma.
2020-02-05 22:54:46 INFO  Application:32 - Started Enigma.
2020-02-05 22:54:46 INFO  Nitrite:309 - Nitrite database has been closed successfully.
2020-02-05 22:54:46 ERROR Application:45 - Could not start the root app. Exception : 
/C:/dev/enigma/code/target/classes/fxml/dashboard.fxml

2020-02-05 22:55:09 INFO  Application:32 - Started Enigma.
2020-02-05 22:55:10 INFO  Nitrite:309 - Nitrite database has been closed successfully.
2020-02-05 22:55:10 ERROR Application:45 - Could not start the root app. Exception : 
/C:/dev/enigma/code/target/classes/fxml/dashboard.fxml

2020-02-05 23:03:17 INFO  Application:32 - Started Enigma.
2020-02-05 23:03:42 INFO  Application:32 - Started Enigma.
2020-02-05 23:03:43 INFO  Nitrite:309 - Nitrite database has been closed successfully.
2020-02-05 23:03:43 ERROR Application:47 - Could not start the root app. Exception : 
/C:/dev/enigma/code/target/classes/fxml/dashboard.fxml

2020-02-05 23:06:24 INFO  Application:32 - Started Enigma.
2020-02-05 23:06:25 INFO  Nitrite:309 - Nitrite database has been closed successfully.
2020-02-05 23:06:25 ERROR Application:45 - Could not start the root app. Exception : 
/C:/dev/enigma/code/target/classes/fxml/dashboard.fxml

2020-02-05 23:10:17 INFO  Application:32 - Started Enigma.
2020-02-05 23:10:17 INFO  Nitrite:309 - Nitrite database has been closed successfully.
2020-02-05 23:10:17 ERROR Application:45 - Could not start the root app. Exception : 
/C:/dev/enigma/code/target/classes/fxml/dashboard.fxml

2020-02-05 23:11:32 INFO  Application:32 - Started Enigma.
2020-02-05 23:11:32 INFO  Nitrite:309 - Nitrite database has been closed successfully.
2020-02-05 23:11:32 ERROR Application:45 - Could not start the root app. Exception : 
/C:/dev/enigma/code/target/classes/fxml/dashboard.fxml

2020-02-05 23:17:26 INFO  Application:32 - Started Enigma.
2020-02-05 23:17:26 INFO  Nitrite:309 - Nitrite database has been closed successfully.
2020-02-05 23:17:26 ERROR Application:45 - Could not start the root app. Exception : 
/C:/dev/enigma/code/target/classes/fxml/dashboard.fxml

2020-02-05 23:18:16 INFO  Application:32 - Started Enigma.
2020-02-05 23:18:17 INFO  Nitrite:309 - Nitrite database has been closed successfully.
2020-02-05 23:18:17 ERROR Application:45 - Could not start the root app. Exception : 
/C:/dev/enigma/code/target/classes/fxml/dashboard.fxml

2020-02-05 23:20:14 INFO  Application:32 - Started Enigma.
2020-02-05 23:20:15 INFO  Nitrite:309 - Nitrite database has been closed successfully.
2020-02-05 23:20:15 ERROR Application:45 - Could not start the root app. Exception : 
/C:/dev/enigma/code/target/classes/fxml/dashboard.fxml

2020-02-05 23:23:05 INFO  Application:32 - Started Enigma.
2020-02-05 23:23:05 INFO  Nitrite:309 - Nitrite database has been closed successfully.
2020-02-05 23:23:05 ERROR Application:45 - Could not start the root app. Exception : 
/C:/dev/enigma/code/target/classes/fxml/dashboard.fxml

2020-02-05 23:33:27 INFO  Application:32 - Started Enigma.
2020-02-06 11:58:09 INFO  Application:32 - Started Enigma.
2020-02-06 11:58:09 INFO  Nitrite:309 - Nitrite database has been closed successfully.
2020-02-06 11:58:09 ERROR Application:45 - Could not start the root app. Exception : 
/C:/dev/enigma/code/target/classes/fxml/dashboard.fxml

2020-02-06 11:58:20 INFO  Application:32 - Started Enigma.
2020-02-06 11:58:30 INFO  Nitrite:309 - Nitrite database has been closed successfully.
2020-02-06 11:58:39 ERROR Application:45 - Could not start the root app. Exception : 
/C:/dev/enigma/code/target/classes/fxml/dashboard.fxml

2020-02-06 12:02:03 INFO  Application:32 - Started Enigma.
2020-02-06 12:02:03 INFO  Nitrite:309 - Nitrite database has been closed successfully.
2020-02-06 12:02:03 INFO  VersionController:46 - Could not read version from database. Assumed database is not yet installed and set version to 0
2020-02-06 12:02:03 INFO  VersionController:50 - Current version of code : 2020.1 . Current version of database : 0
2020-02-06 12:05:39 INFO  Application:32 - Started Enigma.
2020-02-06 12:05:39 INFO  Nitrite:309 - Nitrite database has been closed successfully.
2020-02-06 12:05:39 INFO  VersionController:46 - Could not read version from database. Assumed database is not yet installed and set version to 0
2020-02-06 12:05:39 INFO  VersionController:50 - Current version of code : 2020.1 . Current version of database : 0
2020-02-06 12:05:39 INFO  Nitrite:309 - Nitrite database has been closed successfully.
2020-02-06 12:05:39 INFO  Nitrite:309 - Nitrite database has been closed successfully.
2020-02-06 12:05:44 INFO  Nitrite:309 - Nitrite database has been closed successfully.
2020-02-06 12:11:20 INFO  Application:32 - Started Enigma.
2020-02-06 12:11:21 INFO  Nitrite:309 - Nitrite database has been closed successfully.
2020-02-06 12:11:21 INFO  VersionController:51 - Current version of code : 2020.1 . Current version of database : 2020.1
2020-02-06 12:11:34 INFO  Application:32 - Started Enigma.
2020-02-06 12:11:34 INFO  Nitrite:309 - Nitrite database has been closed successfully.
2020-02-06 12:11:34 INFO  Nitrite:309 - Nitrite database has been closed successfully.
2020-02-06 12:11:41 INFO  Nitrite:309 - Nitrite database has been closed successfully.
2020-02-06 21:42:34 INFO  App:32 - Started Enigma.
2020-02-06 21:42:34 INFO  Nitrite:309 - Nitrite database has been closed successfully.
2020-02-06 21:42:34 INFO  VersionController:51 - Current version of code : 2020.1 . Current version of database : 2020.1
2020-02-06 21:42:37 INFO  Nitrite:309 - Nitrite database has been closed successfully.
2020-02-06 21:42:37 INFO  Nitrite:309 - Nitrite database has been closed successfully.
2020-02-06 22:13:32 INFO  App:32 - Started Enigma.
2020-02-06 22:13:32 INFO  Nitrite:309 - Nitrite database has been closed successfully.
2020-02-06 22:13:32 INFO  VersionController:51 - Current version of code : 2020.1 . Current version of database : 2020.1
2020-02-06 22:13:36 INFO  Nitrite:309 - Nitrite database has been closed successfully.
2020-02-06 22:13:36 INFO  Nitrite:309 - Nitrite database has been closed successfully.
2020-02-06 22:14:28 INFO  App:32 - Started Enigma.
2020-02-06 22:14:28 INFO  Nitrite:309 - Nitrite database has been closed successfully.
2020-02-06 22:14:28 INFO  VersionController:51 - Current version of code : 2020.1 . Current version of database : 2020.1
2020-02-06 22:14:31 INFO  Nitrite:309 - Nitrite database has been closed successfully.
2020-02-06 22:15:11 INFO  App:32 - Started Enigma.
2020-02-06 22:15:11 INFO  Nitrite:309 - Nitrite database has been closed successfully.
2020-02-06 22:15:11 INFO  VersionController:51 - Current version of code : 2020.1 . Current version of database : 2020.1
2020-02-06 22:15:16 INFO  Nitrite:309 - Nitrite database has been closed successfully.
2020-02-06 22:15:35 INFO  Nitrite:309 - Nitrite database has been closed successfully.
2020-02-06 22:15:57 INFO  App:32 - Started Enigma.
2020-02-06 22:15:58 INFO  Nitrite:309 - Nitrite database has been closed successfully.
2020-02-06 22:15:58 INFO  Nitrite:309 - Nitrite database has been closed successfully.
2020-02-06 22:15:58 INFO  Nitrite:309 - Nitrite database has been closed successfully.
2020-02-06 22:16:02 INFO  Nitrite:309 - Nitrite database has been closed successfully.
2020-02-06 22:16:02 INFO  Nitrite:309 - Nitrite database has been closed successfully.
2020-02-06 22:16:02 INFO  Nitrite:309 - Nitrite database has been closed successfully.
2020-02-06 22:17:06 INFO  App:32 - Started Enigma.
2020-02-06 22:17:06 INFO  Nitrite:309 - Nitrite database has been closed successfully.
2020-02-06 22:17:06 INFO  VersionController:51 - Current version of code : 2020.1 . Current version of database : 2020.1
2020-02-06 22:17:08 INFO  Nitrite:309 - Nitrite database has been closed successfully.
2020-02-06 22:17:08 INFO  Nitrite:309 - Nitrite database has been closed successfully.
2020-02-06 22:17:08 INFO  Nitrite:309 - Nitrite database has been closed successfully.
2020-02-06 22:20:22 INFO  App:32 - Started Enigma.
2020-02-06 22:20:22 INFO  Nitrite:309 - Nitrite database has been closed successfully.
2020-02-06 22:20:22 INFO  VersionController:51 - Current version of code : 2020.1 . Current version of database : 2020.1
2020-02-06 22:20:25 INFO  Nitrite:309 - Nitrite database has been closed successfully.
2020-02-06 22:28:31 INFO  App:32 - Started Enigma.
2020-02-06 22:28:32 INFO  Nitrite:309 - Nitrite database has been closed successfully.
2020-02-06 22:28:32 INFO  VersionController:51 - Current version of code : 2020.1 . Current version of database : 2020.1
2020-02-06 22:28:36 INFO  Nitrite:309 - Nitrite database has been closed successfully.
2020-02-06 22:32:04 INFO  App:32 - Started Enigma.
2020-02-06 22:32:05 INFO  Nitrite:309 - Nitrite database has been closed successfully.
2020-02-06 22:32:05 INFO  VersionController:51 - Current version of code : 2020.1 . Current version of database : 2020.1
2020-02-06 22:32:07 INFO  Nitrite:309 - Nitrite database has been closed successfully.
2020-02-06 22:37:11 INFO  App:32 - Started Enigma.
2020-02-06 22:37:11 INFO  Nitrite:309 - Nitrite database has been closed successfully.
2020-02-06 22:37:11 INFO  VersionController:51 - Current version of code : 2020.1 . Current version of database : 2020.1
2020-02-06 22:37:13 INFO  Nitrite:309 - Nitrite database has been closed successfully.
2020-02-06 22:39:27 INFO  App:32 - Started Enigma.
2020-02-06 22:39:28 INFO  Nitrite:309 - Nitrite database has been closed successfully.
2020-02-06 22:39:28 INFO  VersionController:51 - Current version of code : 2020.1 . Current version of database : 2020.1
2020-02-06 22:39:30 INFO  Nitrite:309 - Nitrite database has been closed successfully.
2020-02-06 22:39:56 INFO  App:32 - Started Enigma.
2020-02-06 22:39:56 INFO  Nitrite:309 - Nitrite database has been closed successfully.
2020-02-06 22:39:56 INFO  VersionController:51 - Current version of code : 2020.1 . Current version of database : 2020.1
2020-02-06 22:39:58 INFO  Nitrite:309 - Nitrite database has been closed successfully.
2020-02-06 22:41:56 INFO  App:32 - Started Enigma.
2020-02-06 22:41:56 INFO  Nitrite:309 - Nitrite database has been closed successfully.
2020-02-06 22:41:56 INFO  VersionController:51 - Current version of code : 2020.1 . Current version of database : 2020.1
2020-02-06 22:41:58 INFO  Nitrite:309 - Nitrite database has been closed successfully.
2020-02-06 22:42:30 INFO  App:32 - Started Enigma.
2020-02-06 22:42:30 INFO  Nitrite:309 - Nitrite database has been closed successfully.
2020-02-06 22:42:30 INFO  VersionController:51 - Current version of code : 2020.1 . Current version of database : 2020.1
2020-02-06 22:42:33 INFO  Nitrite:309 - Nitrite database has been closed successfully.
2020-02-06 22:43:41 INFO  App:32 - Started Enigma.
2020-02-06 22:43:42 INFO  Nitrite:309 - Nitrite database has been closed successfully.
2020-02-06 22:43:42 INFO  VersionController:51 - Current version of code : 2020.1 . Current version of database : 2020.1
2020-02-06 22:43:47 INFO  Nitrite:309 - Nitrite database has been closed successfully.
2020-02-06 22:44:09 INFO  App:32 - Started Enigma.
2020-02-06 22:44:09 INFO  Nitrite:309 - Nitrite database has been closed successfully.
2020-02-06 22:44:09 INFO  VersionController:51 - Current version of code : 2020.1 . Current version of database : 2020.1
2020-02-06 22:44:11 INFO  Nitrite:309 - Nitrite database has been closed successfully.
2020-02-06 22:46:26 INFO  App:32 - Started Enigma.
2020-02-06 22:46:27 INFO  Nitrite:309 - Nitrite database has been closed successfully.
2020-02-06 22:46:27 INFO  VersionController:51 - Current version of code : 2020.1 . Current version of database : 2020.1
2020-02-06 22:46:29 INFO  Nitrite:309 - Nitrite database has been closed successfully.
2020-02-06 22:48:18 INFO  App:32 - Started Enigma.
2020-02-06 22:48:18 INFO  Nitrite:309 - Nitrite database has been closed successfully.
2020-02-06 22:48:18 INFO  VersionController:51 - Current version of code : 2020.1 . Current version of database : 2020.1
2020-02-06 22:48:20 INFO  Nitrite:309 - Nitrite database has been closed successfully.
2020-02-06 22:49:03 INFO  App:32 - Started Enigma.
2020-02-06 22:49:03 INFO  Nitrite:309 - Nitrite database has been closed successfully.
2020-02-06 22:49:03 INFO  VersionController:51 - Current version of code : 2020.1 . Current version of database : 2020.1
2020-02-06 22:49:05 INFO  Nitrite:309 - Nitrite database has been closed successfully.
2020-02-06 22:49:41 INFO  App:32 - Started Enigma.
2020-02-06 22:49:41 INFO  Nitrite:309 - Nitrite database has been closed successfully.
2020-02-06 22:49:41 INFO  VersionController:51 - Current version of code : 2020.1 . Current version of database : 2020.1
2020-02-06 22:49:43 INFO  Nitrite:309 - Nitrite database has been closed successfully.
2020-02-09 15:24:14 INFO  App:32 - Started Enigma.
2020-02-09 15:24:14 INFO  Nitrite:309 - Nitrite database has been closed successfully.
2020-02-09 15:24:14 INFO  VersionController:51 - Current version of code : 2020.1 . Current version of database : 2020.1
2020-02-09 15:24:16 INFO  Nitrite:309 - Nitrite database has been closed successfully.
2020-02-09 15:30:23 INFO  App:32 - Started Enigma.
2020-02-09 15:30:23 INFO  Nitrite:309 - Nitrite database has been closed successfully.
2020-02-09 15:30:23 INFO  VersionController:51 - Current version of code : 2020.1 . Current version of database : 2020.1
2020-02-09 15:31:47 INFO  App:32 - Started Enigma.
2020-02-09 15:31:48 INFO  Nitrite:309 - Nitrite database has been closed successfully.
2020-02-09 15:31:48 INFO  Nitrite:309 - Nitrite database has been closed successfully.
2020-02-09 15:31:48 INFO  Nitrite:309 - Nitrite database has been closed successfully.
2020-02-09 15:31:55 INFO  Nitrite:309 - Nitrite database has been closed successfully.
2020-02-09 15:38:28 INFO  App:32 - Started Enigma.
2020-02-09 15:38:28 INFO  Nitrite:309 - Nitrite database has been closed successfully.
2020-02-09 15:38:29 INFO  Nitrite:309 - Nitrite database has been closed successfully.
2020-02-09 15:38:29 INFO  Nitrite:309 - Nitrite database has been closed successfully.
2020-02-09 15:38:29 INFO  VersionController:37 - Inserted properties for 2020.1
2020-02-09 15:38:29 INFO  Nitrite:309 - Nitrite database has been closed successfully.
2020-02-09 15:38:29 INFO  VersionController:72 - Inserted configurations for 2020.1
2020-02-09 15:41:28 INFO  App:32 - Started Enigma.
2020-02-09 15:41:28 INFO  VersionController:36 - No database, performing full initiialization.
2020-02-09 15:41:28 INFO  VersionController:35 - Updating to version 2020.1
2020-02-09 15:41:28 INFO  Nitrite:309 - Nitrite database has been closed successfully.
2020-02-09 15:41:28 INFO  Nitrite:309 - Nitrite database has been closed successfully.
2020-02-09 15:41:28 INFO  Nitrite:309 - Nitrite database has been closed successfully.
2020-02-09 15:41:28 INFO  VersionController:39 - Inserted properties for 2020.1
2020-02-09 15:41:28 INFO  Nitrite:309 - Nitrite database has been closed successfully.
2020-02-09 15:41:28 INFO  VersionController:74 - Inserted configurations for 2020.1
2020-02-09 15:41:28 INFO  VersionController:30 - Full initialization completed.
2020-02-09 15:47:11,4422020-02-09 15:47:11,7312020-02-09 15:47:11,7312020-02-09 15:47:12,1802020-02-09 15:47:12,1952020-02-09 15:47:12,2062020-02-09 15:47:12,2062020-02-09 15:47:12,2342020-02-09 15:47:12,2342020-02-09 15:47:12,2342020-02-09 15:47:43 INFO  App:32 - Started Enigma.
2020-02-09 15:47:44 INFO  VersionController:36 - No database, performing full initiialization.
2020-02-09 15:47:44 INFO  VersionController:35 - Updating to version 2020.1
2020-02-09 15:47:44 INFO  Nitrite:309 - Nitrite database has been closed successfully.
2020-02-09 15:47:44 INFO  Nitrite:309 - Nitrite database has been closed successfully.
2020-02-09 15:47:44 INFO  Nitrite:309 - Nitrite database has been closed successfully.
2020-02-09 15:47:44 INFO  VersionController:39 - Inserted properties for 2020.1
2020-02-09 15:47:44 INFO  Nitrite:309 - Nitrite database has been closed successfully.
2020-02-09 15:47:44 INFO  VersionController:74 - Inserted configurations for 2020.1
2020-02-09 15:47:44 INFO  VersionController:30 - Full initialization completed.
2020-02-09 15:51:47,308 INFO  App:32 - Started Enigma.
2020-02-09 15:51:47,657 INFO  VersionController:36 - No database, performing full initiialization.
2020-02-09 15:51:47,658 INFO  VersionController:35 - Updating to version 2020.1
2020-02-09 15:51:48,167 INFO  Nitrite:309 - Nitrite database has been closed successfully.
2020-02-09 15:51:48,195 INFO  Nitrite:309 - Nitrite database has been closed successfully.
2020-02-09 15:51:48,208 INFO  Nitrite:309 - Nitrite database has been closed successfully.
2020-02-09 15:51:48,208 INFO  VersionController:39 - Inserted properties for 2020.1
2020-02-09 15:51:48,240 INFO  Nitrite:309 - Nitrite database has been closed successfully.
2020-02-09 15:51:48,241 INFO  VersionController:74 - Inserted configurations for 2020.1
2020-02-09 15:51:48,241 INFO  VersionController:30 - Full initialization completed.
